[2025-11-08 15:15:04] [INFO] User #5 registered - Email: mohammad.rizki.syahputra.tik24@stu.pnj.ac.id, Role: dosen {"user_id":5,"action":"registered"}
[2025-11-08 15:18:34] [ERROR] Unhandled exception {"error":"App\\Core\\DbModel::findOne(): Argument #1 ($where) must be of type array, int given, called in C:\\xampp\\htdocs\\PBL\\library-booking-app\\App\\Controllers\\VerifyController.php on line 50","file":"C:\\xampp\\htdocs\\PBL\\library-booking-app\\App\\Core\\DbModel.php","line":33}
[2025-11-08 15:23:30] [INFO] User #5 logged in {"user_id":5,"action":"logged in"}
[2025-11-08 15:39:33] [INFO] User #5 logged out {"user_id":5,"action":"logged out"}
[2025-11-08 15:40:48] [INFO] User #6 registered - Email: akumahasiswa@pnj.ac.id, Role: mahasiswa {"user_id":6,"action":"registered"}
[2025-11-08 15:41:09] [INFO] User #6 logged in {"user_id":6,"action":"logged in"}
[2025-11-08 15:44:32] [INFO] User #6 logged out {"user_id":6,"action":"logged out"}
[2025-11-08 15:44:48] [INFO] User #1 logged in {"user_id":1,"action":"logged in"}
[2025-11-08 15:44:52] [ERROR] Unhandled exception {"error":"SQLSTATE[42S22]: Column not found: 1054 Unknown column 'role' in 'where clause'","file":"C:\\xampp\\htdocs\\PBL\\library-booking-app\\App\\Controllers\\AdminUserController.php","line":22}
[2025-11-08 15:47:14] [INFO] User #1 logged out {"user_id":1,"action":"logged out"}
[2025-11-08 15:47:39] [INFO] User #7 registered - Email: akudosen@pnj.ac.id, Role: dosen {"user_id":7,"action":"registered"}
[2025-11-08 15:48:14] [INFO] User #7 logged in {"user_id":7,"action":"logged in"}
[2025-11-08 15:49:22] [INFO] User #7 logged out {"user_id":7,"action":"logged out"}
[2025-11-08 15:49:51] [INFO] User #8 registered - Email: user4@stu.pnj.ac.id, Role: dosen {"user_id":8,"action":"registered"}
[2025-11-08 15:50:09] [INFO] User #8 logged in {"user_id":8,"action":"logged in"}
[2025-11-08 15:50:53] [INFO] User #8 logged out {"user_id":8,"action":"logged out"}
[2025-11-08 15:58:48] [INFO] User #8 logged in {"user_id":8,"action":"logged in"}
[2025-11-08 15:58:50] [INFO] User #8 logged out {"user_id":8,"action":"logged out"}
[2025-11-08 16:09:01] [INFO] User #9 registered - Email: user1@pnj.ac.id, Role: dosen {"user_id":9,"action":"registered"}
[2025-11-08 16:09:27] [INFO] User #9 logged in {"user_id":9,"action":"logged in"}
[2025-11-08 16:09:29] [ERROR] Unhandled exception {"error":"App\\Controllers\\ProfileController::index(): Argument #1 ($response) must be of type App\\Core\\Response, App\\Core\\Request given","file":"C:\\xampp\\htdocs\\PBL\\library-booking-app\\App\\Controllers\\ProfileController.php","line":20}
[2025-11-08 16:09:48] [ERROR] Unhandled exception {"error":"App\\Controllers\\ProfileController::index(): Argument #1 ($response) must be of type App\\Core\\Response, App\\Core\\Request given","file":"C:\\xampp\\htdocs\\PBL\\library-booking-app\\App\\Controllers\\ProfileController.php","line":20}
[2025-11-08 16:09:49] [ERROR] Unhandled exception {"error":"App\\Controllers\\ProfileController::index(): Argument #1 ($response) must be of type App\\Core\\Response, App\\Core\\Request given","file":"C:\\xampp\\htdocs\\PBL\\library-booking-app\\App\\Controllers\\ProfileController.php","line":20}
[2025-11-08 16:09:49] [ERROR] Unhandled exception {"error":"App\\Controllers\\ProfileController::index(): Argument #1 ($response) must be of type App\\Core\\Response, App\\Core\\Request given","file":"C:\\xampp\\htdocs\\PBL\\library-booking-app\\App\\Controllers\\ProfileController.php","line":20}
[2025-11-08 16:09:49] [ERROR] Unhandled exception {"error":"App\\Controllers\\ProfileController::index(): Argument #1 ($response) must be of type App\\Core\\Response, App\\Core\\Request given","file":"C:\\xampp\\htdocs\\PBL\\library-booking-app\\App\\Controllers\\ProfileController.php","line":20}
[2025-11-08 16:10:54] [INFO] User #9 logged out {"user_id":9,"action":"logged out"}
[2025-11-08 16:11:17] [INFO] User #10 registered - Email: user2@stu.pnj.ac.id, Role: mahasiswa {"user_id":10,"action":"registered"}
[2025-11-08 16:11:37] [INFO] User #10 logged in {"user_id":10,"action":"logged in"}
[2025-11-08 16:28:55] [INFO] User #10 logged out {"user_id":10,"action":"logged out"}
[2025-11-08 17:04:14] [INFO] User #11 registered - Email: user3@stu.pnj.ac.id, Role: mahasiswa {"user_id":11,"action":"registered"}
[2025-11-08 17:06:18] [INFO] User #11 logged in {"user_id":11,"action":"logged in"}
[2025-11-08 17:08:39] [INFO] User #11 logged out {"user_id":11,"action":"logged out"}
[2025-11-08 17:41:13] [INFO] User #3 logged in {"user_id":3,"action":"logged in"}
[2025-11-08 21:18:53] [INFO] User #3 logged in {"user_id":3,"action":"logged in"}
[2025-11-08 21:19:07] [ERROR] Unhandled exception {"error":"SQLSTATE[42S02]: Base table or view not found: 1146 Table 'library_booking_app.rooms' doesn't exist","file":"C:\\xampp\\htdocs\\PBL\\library-booking-app\\App\\Models\\Room.php","line":60}
[2025-11-08 21:19:22] [ERROR] Unhandled exception {"error":"SQLSTATE[42S02]: Base table or view not found: 1146 Table 'library_booking_app.rooms' doesn't exist","file":"C:\\xampp\\htdocs\\PBL\\library-booking-app\\App\\Models\\Room.php","line":60}
[2025-11-08 21:20:18] [ERROR] Unhandled exception {"error":"SQLSTATE[42S02]: Base table or view not found: 1146 Table 'library_booking_app.rooms' doesn't exist","file":"C:\\xampp\\htdocs\\PBL\\library-booking-app\\App\\Models\\Room.php","line":60}
[2025-11-08 21:22:50] [ERROR] Unhandled exception {"error":"SQLSTATE[42S02]: Base table or view not found: 1146 Table 'library_booking_app.rooms' doesn't exist","file":"C:\\xampp\\htdocs\\PBL\\library-booking-app\\App\\Models\\Room.php","line":60}
[2025-11-08 21:25:21] [INFO] User #3 logged out {"user_id":3,"action":"logged out"}
[2025-11-08 21:25:31] [INFO] User #1 logged in {"user_id":1,"action":"logged in"}
[2025-11-08 21:25:47] [INFO] User #1 logged out {"user_id":1,"action":"logged out"}
[2025-11-08 22:29:40] [INFO] Running Seed.php
[2025-11-08 22:29:40] [INFO] Role table seeded successfully!
[2025-11-08 22:29:41] [INFO] Users table seeded successfully!
[2025-11-08 22:29:41] [INFO] Ruangan table seeded successfully!
[2025-11-08 22:29:41] [INFO] Bookings table seeded successfully!
[2025-11-08 22:29:41] [INFO] Anggota Booking table seeded successfully!
[2025-11-08 22:29:41] [INFO] Feedback table seeded successfully!
[2025-11-08 22:29:41] [INFO] Peringatan table seeded successfully!
[2025-11-08 22:29:41] [INFO] Peringatan Mahasiswa table seeded successfully!
[2025-11-08 22:29:41] [INFO] Suspensi table seeded successfully!
[2025-11-08 22:29:41] [INFO] Seeder completed successfully!
[2025-11-08 22:29:52] [INFO] Running Seed.php
[2025-11-08 22:29:52] [INFO] Role table seeded successfully!
[2025-11-08 22:29:53] [INFO] Users table seeded successfully!
[2025-11-08 22:29:53] [INFO] Ruangan table seeded successfully!
[2025-11-08 22:29:53] [INFO] Bookings table seeded successfully!
[2025-11-08 22:29:53] [INFO] Anggota Booking table seeded successfully!
[2025-11-08 22:29:53] [INFO] Feedback table seeded successfully!
[2025-11-08 22:29:53] [INFO] Peringatan table seeded successfully!
[2025-11-08 22:29:53] [INFO] Peringatan Mahasiswa table seeded successfully!
[2025-11-08 22:29:53] [INFO] Suspensi table seeded successfully!
[2025-11-08 22:29:53] [INFO] Seeder completed successfully!
[2025-11-08 22:30:19] [INFO] User #3 logged in {"user_id":3,"action":"logged in"}
[2025-11-08 22:33:59] [INFO] User #3 logged out {"user_id":3,"action":"logged out"}
[2025-11-08 22:34:20] [INFO] User #1 logged in {"user_id":1,"action":"logged in"}
[2025-11-08 22:34:35] [INFO] User #1 logged out {"user_id":1,"action":"logged out"}
[2025-11-08 22:34:45] [INFO] User #3 logged in {"user_id":3,"action":"logged in"}
[2025-11-08 22:50:09] [INFO] User #3 logged out {"user_id":3,"action":"logged out"}
[2025-11-08 22:51:48] [INFO] User #3 logged in {"user_id":3,"action":"logged in"}
[2025-11-08 22:57:00] [ERROR] Unhandled exception {"error":"App\\Models\\Booking::userHasUpcomingBooking(): Argument #2 ($date) must be of type string, null given, called in C:\\xampp\\htdocs\\PBL\\library-booking-app\\App\\Controllers\\UserBookingController.php on line 45","file":"C:\\xampp\\htdocs\\PBL\\library-booking-app\\App\\Models\\Booking.php","line":98}
[2025-11-08 23:21:55] [INFO] User #3 logged in {"user_id":3,"action":"logged in"}
