[2025-11-20 08:10:01] [INFO] User #1 logged in {"user_id":1,"action":"logged in"}
[2025-11-20 08:10:04] [INFO] User #1 logged out {"user_id":1,"action":"logged out"}
[2025-11-20 08:10:09] [INFO] User #3 logged in {"user_id":3,"action":"logged in"}
[2025-11-20 08:35:58] [INFO] User #3 logged out {"user_id":3,"action":"logged out"}
[2025-11-20 08:44:38] [INFO] User #34 registered - Email: adelio.rais.fikri.tik24@stu.pnj.ac.id, Role: mahasiswa {"user_id":34,"action":"registered"}
[2025-11-20 08:47:23] [INFO] User #3 logged in {"user_id":3,"action":"logged in"}
[2025-11-20 08:49:06] [ERROR] Unhandled exception {"error":"Non-static method App\\Models\\Room::isRoomOccupied() cannot be called statically","file":"C:\\xampp\\htdocs\\PBL\\library-booking-app\\App\\Core\\Services\\BookingValidator.php","line":40}
[2025-11-20 08:49:42] [ERROR] Unhandled exception {"error":"SQLSTATE[HY000]: General error: 2006 MySQL server has gone away","file":"C:\\xampp\\htdocs\\PBL\\library-booking-app\\App\\Core\\DbModel.php","line":40}
[2025-11-20 08:50:04] [INFO] Booking #9 draft created by User #3 {"user_id":3,"booking_id":9,"room_id":8,"usage_date":"2025-11-21","time":"09:00 - 11:00","status":"draft"}
[2025-11-20 08:50:44] [INFO] User #2 logged in {"user_id":2,"action":"logged in"}
[2025-11-20 08:52:32] [INFO] User #2 logged out {"user_id":2,"action":"logged out"}
[2025-11-20 08:52:46] [INFO] User #1 logged in {"user_id":1,"action":"logged in"}
[2025-11-20 08:53:30] [INFO] Booking #9 submitted to admin by User #3 {"user_id":3,"booking_id":9}
[2025-11-20 08:54:20] [ERROR] Unhandled exception {"error":"App\\Core\\Services\\AdminBookingService::getBookingById(): Argument #1 ($id) must be of type int, string given, called in C:\\xampp\\htdocs\\PBL\\library-booking-app\\App\\Core\\Services\\AdminBookingService.php on line 447","file":"C:\\xampp\\htdocs\\PBL\\library-booking-app\\App\\Core\\Services\\AdminBookingService.php","line":38}
[2025-11-20 08:55:21] [INFO] Admin #1 verified booking - Booking #9 verified {"admin_id":1,"action":"verified booking"}
[2025-11-20 08:56:30] [INFO] Admin #1 activated booking - Booking #9 activated with code 972993 {"admin_id":1,"action":"activated booking"}
[2025-11-20 08:57:01] [INFO] Admin #1 completed booking - Booking #9 marked as completed {"admin_id":1,"action":"completed booking"}
[2025-11-20 08:58:03] [INFO] Feedback submitted {"user_id":3,"booking_id":9,"rating":5}
[2025-11-20 08:58:50] [INFO] User #3 logged out {"user_id":3,"action":"logged out"}
[2025-11-20 09:07:41] [INFO] User #3 logged in {"user_id":3,"action":"logged in"}
[2025-11-20 09:15:34] [ERROR] Unhandled exception {"error":"SQLSTATE[42S02]: Base table or view not found: 1146 Table 'library_booking_app.user' doesn't exist","file":"C:\\xampp\\htdocs\\PBL\\library-booking-app\\App\\Core\\Services\\UserBookingService.php","line":508}
[2025-11-20 09:27:18] [ERROR] Unhandled exception {"error":"SQLSTATE[HY093]: Invalid parameter number: number of bound variables does not match number of tokens","file":"C:\\xampp\\htdocs\\PBL\\library-booking-app\\App\\Models\\Booking.php","line":160}
[2025-11-20 09:27:56] [INFO] Booking #10 draft created by User #3 {"user_id":3,"booking_id":10,"room_id":8,"usage_date":"2025-11-21","time":"09:50 - 12:50","status":"draft"}
[2025-11-20 09:33:39] [ERROR] Unhandled exception {"error":"Cannot use object of type App\\Models\\User as array","file":"C:\\xampp\\htdocs\\PBL\\library-booking-app\\App\\Views\\User\\Bookings\\Index.php","line":14}
[2025-11-20 09:33:44] [ERROR] Unhandled exception {"error":"Cannot use object of type App\\Models\\User as array","file":"C:\\xampp\\htdocs\\PBL\\library-booking-app\\App\\Views\\User\\Bookings\\Index.php","line":14}
[2025-11-20 09:33:46] [ERROR] Unhandled exception {"error":"Cannot use object of type App\\Models\\User as array","file":"C:\\xampp\\htdocs\\PBL\\library-booking-app\\App\\Views\\User\\Bookings\\Index.php","line":14}
[2025-11-20 09:33:52] [ERROR] Unhandled exception {"error":"Cannot use object of type App\\Models\\User as array","file":"C:\\xampp\\htdocs\\PBL\\library-booking-app\\App\\Views\\User\\Bookings\\Index.php","line":14}
[2025-11-20 09:34:09] [ERROR] Unhandled exception {"error":"syntax error, unexpected token \"echo\"","file":"C:\\xampp\\htdocs\\PBL\\library-booking-app\\App\\Views\\User\\Bookings\\Index.php","line":14}
[2025-11-20 10:14:23] [INFO] User #3 logged out {"user_id":3,"action":"logged out"}
[2025-11-20 10:14:26] [INFO] User #1 logged in {"user_id":1,"action":"logged in"}
[2025-11-20 10:14:30] [ERROR] Unhandled exception {"error":"SQLSTATE[42S22]: Column not found: 1054 Unknown column 'feedback.ruangan_id' in 'on clause'","file":"C:\\xampp\\htdocs\\PBL\\library-booking-app\\App\\Models\\Feedback.php","line":58}
[2025-11-20 10:14:52] [ERROR] Unhandled exception {"error":"SQLSTATE[42S22]: Column not found: 1054 Unknown column 'feedback.ruangan_id' in 'on clause'","file":"C:\\xampp\\htdocs\\PBL\\library-booking-app\\App\\Models\\Feedback.php","line":59}
[2025-11-20 10:14:53] [ERROR] Unhandled exception {"error":"SQLSTATE[42S22]: Column not found: 1054 Unknown column 'feedback.ruangan_id' in 'on clause'","file":"C:\\xampp\\htdocs\\PBL\\library-booking-app\\App\\Models\\Feedback.php","line":59}
[2025-11-20 10:15:02] [ERROR] Unhandled exception {"error":"SQLSTATE[42S22]: Column not found: 1054 Unknown column 'feedback.ruangan_id' in 'on clause'","file":"C:\\xampp\\htdocs\\PBL\\library-booking-app\\App\\Models\\Feedback.php","line":59}
[2025-11-20 10:15:57] [ERROR] Unhandled exception {"error":"SQLSTATE[42S22]: Column not found: 1054 Unknown column 'ruangan.nama_ruangan' in 'field list'","file":"C:\\xampp\\htdocs\\PBL\\library-booking-app\\App\\Models\\Feedback.php","line":60}
[2025-11-20 10:16:01] [ERROR] Unhandled exception {"error":"SQLSTATE[42S21]: Column already exists: 1060 Duplicate column name 'created_at'","file":"C:\\xampp\\htdocs\\PBL\\library-booking-app\\App\\Models\\Feedback.php","line":104}
[2025-11-20 10:16:21] [ERROR] Unhandled exception {"error":"SQLSTATE[42S21]: Column already exists: 1060 Duplicate column name 'created_at'","file":"C:\\xampp\\htdocs\\PBL\\library-booking-app\\App\\Models\\Feedback.php","line":103}
[2025-11-20 10:16:27] [ERROR] Unhandled exception {"error":"SQLSTATE[42S21]: Column already exists: 1060 Duplicate column name 'created_at'","file":"C:\\xampp\\htdocs\\PBL\\library-booking-app\\App\\Models\\Feedback.php","line":102}
[2025-11-20 10:18:50] [ERROR] Unhandled exception {"error":"Cannot use object of type App\\Models\\Feedback as array","file":"C:\\xampp\\htdocs\\PBL\\library-booking-app\\App\\Views\\Admin\\Feedback\\Index.php","line":151}
[2025-11-20 10:19:19] [ERROR] Unhandled exception {"error":"Cannot use object of type App\\Models\\Feedback as array","file":"C:\\xampp\\htdocs\\PBL\\library-booking-app\\App\\Views\\Admin\\Feedback\\Index.php","line":151}
[2025-11-20 10:19:24] [ERROR] Unhandled exception {"error":"Cannot use object of type App\\Models\\Feedback as array","file":"C:\\xampp\\htdocs\\PBL\\library-booking-app\\App\\Views\\Admin\\Feedback\\Index.php","line":151}
[2025-11-20 10:19:44] [ERROR] Unhandled exception {"error":"Cannot use object of type App\\Models\\Feedback as array","file":"C:\\xampp\\htdocs\\PBL\\library-booking-app\\App\\Views\\Admin\\Feedback\\Index.php","line":151}
[2025-11-20 10:19:59] [ERROR] Unhandled exception {"error":"Cannot use object of type App\\Models\\Feedback as array","file":"C:\\xampp\\htdocs\\PBL\\library-booking-app\\App\\Views\\Admin\\Feedback\\Index.php","line":151}
[2025-11-20 10:20:11] [ERROR] Unhandled exception {"error":"Cannot use object of type App\\Models\\Feedback as array","file":"C:\\xampp\\htdocs\\PBL\\library-booking-app\\App\\Views\\Admin\\Feedback\\Index.php","line":151}
[2025-11-20 10:20:37] [ERROR] Unhandled exception {"error":"Cannot use object of type App\\Models\\Feedback as array","file":"C:\\xampp\\htdocs\\PBL\\library-booking-app\\App\\Views\\Admin\\Feedback\\Index.php","line":151}
[2025-11-20 10:21:04] [ERROR] Unhandled exception {"error":"SQLSTATE[42S22]: Column not found: 1054 Unknown column 'booking.nama_ruangan' in 'field list'","file":"C:\\xampp\\htdocs\\PBL\\library-booking-app\\App\\Models\\Feedback.php","line":67}
[2025-11-20 10:21:12] [ERROR] Unhandled exception {"error":"Cannot use object of type App\\Models\\Feedback as array","file":"C:\\xampp\\htdocs\\PBL\\library-booking-app\\App\\Views\\Admin\\Feedback\\Index.php","line":151}
[2025-11-20 10:21:34] [ERROR] Unhandled exception {"error":"Cannot use object of type App\\Models\\Feedback as array","file":"C:\\xampp\\htdocs\\PBL\\library-booking-app\\App\\Views\\Admin\\Feedback\\Index.php","line":151}
[2025-11-20 10:22:07] [ERROR] Unhandled exception {"error":"Cannot use object of type App\\Models\\Feedback as array","file":"C:\\xampp\\htdocs\\PBL\\library-booking-app\\App\\Views\\Admin\\Feedback\\Index.php","line":151}
[2025-11-20 10:24:04] [ERROR] Unhandled exception {"error":"Cannot use object of type App\\Models\\Feedback as array","file":"C:\\xampp\\htdocs\\PBL\\library-booking-app\\App\\Views\\Admin\\Feedback\\Index.php","line":163}
[2025-11-20 10:24:06] [ERROR] Unhandled exception {"error":"Cannot use object of type App\\Models\\Feedback as array","file":"C:\\xampp\\htdocs\\PBL\\library-booking-app\\App\\Views\\Admin\\Feedback\\Index.php","line":163}
[2025-11-20 10:24:16] [ERROR] Unhandled exception {"error":"Cannot use object of type App\\Models\\Feedback as array","file":"C:\\xampp\\htdocs\\PBL\\library-booking-app\\App\\Views\\Admin\\Feedback\\Index.php","line":163}
[2025-11-20 10:26:43] [ERROR] Unhandled exception {"error":"Cannot use object of type App\\Models\\Feedback as array","file":"C:\\xampp\\htdocs\\PBL\\library-booking-app\\App\\Views\\Admin\\Feedback\\Index.php","line":163}
[2025-11-20 10:26:44] [ERROR] Unhandled exception {"error":"Cannot use object of type App\\Models\\Feedback as array","file":"C:\\xampp\\htdocs\\PBL\\library-booking-app\\App\\Views\\Admin\\Feedback\\Index.php","line":163}
[2025-11-20 10:26:44] [ERROR] Unhandled exception {"error":"Cannot use object of type App\\Models\\Feedback as array","file":"C:\\xampp\\htdocs\\PBL\\library-booking-app\\App\\Views\\Admin\\Feedback\\Index.php","line":163}
[2025-11-20 10:26:44] [ERROR] Unhandled exception {"error":"Cannot use object of type App\\Models\\Feedback as array","file":"C:\\xampp\\htdocs\\PBL\\library-booking-app\\App\\Views\\Admin\\Feedback\\Index.php","line":163}
[2025-11-20 10:26:44] [ERROR] Unhandled exception {"error":"Cannot use object of type App\\Models\\Feedback as array","file":"C:\\xampp\\htdocs\\PBL\\library-booking-app\\App\\Views\\Admin\\Feedback\\Index.php","line":163}
[2025-11-20 10:26:44] [ERROR] Unhandled exception {"error":"Cannot use object of type App\\Models\\Feedback as array","file":"C:\\xampp\\htdocs\\PBL\\library-booking-app\\App\\Views\\Admin\\Feedback\\Index.php","line":163}
[2025-11-20 10:26:44] [ERROR] Unhandled exception {"error":"Cannot use object of type App\\Models\\Feedback as array","file":"C:\\xampp\\htdocs\\PBL\\library-booking-app\\App\\Views\\Admin\\Feedback\\Index.php","line":163}
[2025-11-20 10:26:45] [ERROR] Unhandled exception {"error":"Cannot use object of type App\\Models\\Feedback as array","file":"C:\\xampp\\htdocs\\PBL\\library-booking-app\\App\\Views\\Admin\\Feedback\\Index.php","line":163}
[2025-11-20 10:26:45] [ERROR] Unhandled exception {"error":"Cannot use object of type App\\Models\\Feedback as array","file":"C:\\xampp\\htdocs\\PBL\\library-booking-app\\App\\Views\\Admin\\Feedback\\Index.php","line":163}
[2025-11-20 10:26:45] [ERROR] Unhandled exception {"error":"Cannot use object of type App\\Models\\Feedback as array","file":"C:\\xampp\\htdocs\\PBL\\library-booking-app\\App\\Views\\Admin\\Feedback\\Index.php","line":163}
[2025-11-20 10:26:45] [ERROR] Unhandled exception {"error":"Cannot use object of type App\\Models\\Feedback as array","file":"C:\\xampp\\htdocs\\PBL\\library-booking-app\\App\\Views\\Admin\\Feedback\\Index.php","line":163}
[2025-11-20 10:26:45] [ERROR] Unhandled exception {"error":"Cannot use object of type App\\Models\\Feedback as array","file":"C:\\xampp\\htdocs\\PBL\\library-booking-app\\App\\Views\\Admin\\Feedback\\Index.php","line":163}
[2025-11-20 10:26:45] [ERROR] Unhandled exception {"error":"Cannot use object of type App\\Models\\Feedback as array","file":"C:\\xampp\\htdocs\\PBL\\library-booking-app\\App\\Views\\Admin\\Feedback\\Index.php","line":163}
[2025-11-20 10:26:45] [ERROR] Unhandled exception {"error":"Cannot use object of type App\\Models\\Feedback as array","file":"C:\\xampp\\htdocs\\PBL\\library-booking-app\\App\\Views\\Admin\\Feedback\\Index.php","line":163}
[2025-11-20 10:26:50] [ERROR] Unhandled exception {"error":"Cannot use object of type App\\Models\\Feedback as array","file":"C:\\xampp\\htdocs\\PBL\\library-booking-app\\App\\Views\\Admin\\Feedback\\Index.php","line":163}
[2025-11-20 10:27:20] [ERROR] Unhandled exception {"error":"Cannot use object of type App\\Models\\Feedback as array","file":"C:\\xampp\\htdocs\\PBL\\library-booking-app\\App\\Views\\Admin\\Feedback\\Index.php","line":163}
[2025-11-20 10:27:22] [ERROR] Unhandled exception {"error":"Cannot use object of type App\\Models\\Feedback as array","file":"C:\\xampp\\htdocs\\PBL\\library-booking-app\\App\\Views\\Admin\\Feedback\\Index.php","line":163}
[2025-11-20 10:37:35] [ERROR] Unhandled exception {"error":"error_log(): Argument #1 ($message) must be of type string, array given","file":"C:\\xampp\\htdocs\\PBL\\library-booking-app\\App\\Controllers\\AdminFeedbackController.php","line":66}
[2025-11-20 10:43:52] [INFO] User #1 logged in {"user_id":1,"action":"logged in"}
[2025-11-20 12:07:18] [INFO] User #1 logged out {"user_id":1,"action":"logged out"}
[2025-11-20 12:35:16] [INFO] User #35 registered - Email: test.user.3@stu.pnj.ac.id, Role: mahasiswa {"user_id":35,"action":"registered"}
[2025-11-20 12:36:50] [INFO] User #35 email verified - Status changed to: pending kubaca {"user_id":35,"action":"email verified"}
[2025-11-20 12:37:21] [INFO] User #35 logged in {"user_id":35,"action":"logged in"}
[2025-11-20 12:39:31] [INFO] User #35 logged out {"user_id":35,"action":"logged out"}
[2025-11-20 12:39:37] [INFO] User #2 logged in {"user_id":2,"action":"logged in"}
[2025-11-20 12:39:47] [INFO] User #2 logged out {"user_id":2,"action":"logged out"}
[2025-11-20 12:43:23] [INFO] User #35 logged in {"user_id":35,"action":"logged in"}
[2025-11-20 12:51:40] [INFO] User #1 logged in {"user_id":1,"action":"logged in"}
[2025-11-20 13:13:08] [INFO] Booking #11 draft created by User #1 {"user_id":1,"booking_id":11,"room_id":8,"usage_date":"2025-11-21","time":"09:00 - 11:00","status":"draft"}
[2025-11-20 13:15:13] [INFO] Booking #12 draft created by User #1 {"user_id":1,"booking_id":12,"room_id":8,"usage_date":"2025-11-21","time":"09:00 - 12:00","status":"draft"}
[2025-11-20 13:16:59] [ERROR] Unhandled exception {"error":"App\\Core\\Services\\AdminBookingService::getBookingById(): Argument #1 ($id) must be of type int, string given, called in C:\\xampp\\htdocs\\PBL\\library-booking-app\\App\\Core\\Services\\AdminBookingService.php on line 455","file":"C:\\xampp\\htdocs\\PBL\\library-booking-app\\App\\Core\\Services\\AdminBookingService.php","line":40}
[2025-11-20 13:18:12] [ERROR] Unhandled exception {"error":"App\\Core\\Services\\AdminBookingService::getBookingById(): Argument #1 ($id) must be of type int, string given, called in C:\\xampp\\htdocs\\PBL\\library-booking-app\\App\\Core\\Services\\AdminBookingService.php on line 455","file":"C:\\xampp\\htdocs\\PBL\\library-booking-app\\App\\Core\\Services\\AdminBookingService.php","line":40}
[2025-11-20 13:22:21] [INFO] Admin #1 verified booking - Booking #12 verified {"admin_id":1,"action":"verified booking"}
[2025-11-20 13:23:04] [INFO] Admin #1 verified booking - Booking #10 verified {"admin_id":1,"action":"verified booking"}
