[2025-11-27 09:00:28] [INFO] User #1 logged in {"user_id":1,"action":"logged in"}
[2025-11-27 09:00:34] [INFO] User #1 logged out {"user_id":1,"action":"logged out"}
[2025-11-27 09:00:57] [INFO] User #11 logged in {"user_id":11,"action":"logged in"}
[2025-11-27 09:17:08] [INFO] User #1 logged in {"user_id":1,"action":"logged in"}
[2025-11-27 09:19:22] [INFO] User #38 registered - Email: andrian.tik24@stu.pnj.ac.id, Role: mahasiswa {"user_id":38,"action":"registered"}
[2025-11-27 09:19:34] [INFO] User #1 logged out {"user_id":1,"action":"logged out"}
[2025-11-27 09:19:50] [INFO] User #38 email verified - Status changed to: pending kubaca {"user_id":38,"action":"email verified"}
[2025-11-27 09:20:07] [INFO] User #1 logged in {"user_id":1,"action":"logged in"}
[2025-11-27 09:22:17] [INFO] User #11 logged out {"user_id":11,"action":"logged out"}
[2025-11-27 09:24:35] [INFO] User #1 logged in {"user_id":1,"action":"logged in"}
[2025-11-27 09:24:50] [INFO] User #1 logged out {"user_id":1,"action":"logged out"}
[2025-11-27 09:24:57] [INFO] User #3 logged in {"user_id":3,"action":"logged in"}
[2025-11-27 09:25:38] [ERROR] Unhandled exception {"error":"Call to undefined function formatWaktu()","file":"C:\\xampp\\htdocs\\PBL\\library-booking-app\\App\\Views\\User\\UserDashboard.php","line":198}
[2025-11-27 09:26:22] [ERROR] Unhandled exception {"error":"Call to undefined function formatWaktu()","file":"C:\\xampp\\htdocs\\PBL\\library-booking-app\\App\\Views\\User\\UserDashboard.php","line":198}
[2025-11-27 09:26:23] [ERROR] Unhandled exception {"error":"Call to undefined function formatWaktu()","file":"C:\\xampp\\htdocs\\PBL\\library-booking-app\\App\\Views\\User\\UserDashboard.php","line":198}
[2025-11-27 09:26:40] [ERROR] Unhandled exception {"error":"Call to undefined function formatWaktu()","file":"C:\\xampp\\htdocs\\PBL\\library-booking-app\\App\\Views\\User\\UserDashboard.php","line":164}
[2025-11-27 09:26:47] [ERROR] Unhandled exception {"error":"Call to undefined function formatWaktu()","file":"C:\\xampp\\htdocs\\PBL\\library-booking-app\\App\\Views\\User\\UserDashboard.php","line":157}
[2025-11-27 09:28:53] [INFO] User #3 logged out {"user_id":3,"action":"logged out"}
[2025-11-27 09:28:59] [INFO] User #1 logged in {"user_id":1,"action":"logged in"}
[2025-11-27 09:29:08] [INFO] User #1 logged out {"user_id":1,"action":"logged out"}
[2025-11-27 09:29:15] [INFO] User #3 logged in {"user_id":3,"action":"logged in"}
[2025-11-27 09:29:38] [INFO] Booking #19 draft created by User #3 {"user_id":3,"booking_id":19,"room_id":8,"usage_date":"2025-11-27","time":"10:00 - 12:00","status":"draft"}
[2025-11-27 09:30:13] [INFO] User #2 logged in {"user_id":2,"action":"logged in"}
[2025-11-27 09:31:00] [INFO] Booking #19 submitted to admin by User #3 {"user_id":3,"booking_id":19}
[2025-11-27 09:31:06] [INFO] User #2 logged out {"user_id":2,"action":"logged out"}
[2025-11-27 09:31:13] [INFO] User #1 logged in {"user_id":1,"action":"logged in"}
[2025-11-27 09:31:37] [INFO] Admin #1 verified booking - Booking #19 verified {"admin_id":1,"action":"verified booking"}
[2025-11-27 09:32:26] [INFO] Admin #1 activated booking - Booking #19 activated with code F1CAD2 {"admin_id":1,"action":"activated booking"}
[2025-11-27 09:33:01] [INFO] Admin #1 completed booking - Booking #19 marked as completed {"admin_id":1,"action":"completed booking"}
[2025-11-27 09:33:31] [INFO] Feedback submitted {"user_id":3,"booking_id":19,"rating":5}
[2025-11-27 09:34:21] [INFO] User #1 logged out {"user_id":1,"action":"logged out"}
[2025-11-27 19:18:47] [INFO] User #3 logged in {"user_id":3,"action":"logged in"}
[2025-11-27 20:46:40] [ERROR] Unhandled exception {"error":"App\\Core\\Session::getFlash(): Return value must be of type string|false, null returned","file":"C:\\xampp\\htdocs\\PBL\\library-booking-app\\App\\Core\\Session.php","line":69}
[2025-11-27 20:47:42] [ERROR] Unhandled exception {"error":"App\\Core\\Session::getFlash(): Return value must be of type string|false, null returned","file":"C:\\xampp\\htdocs\\PBL\\library-booking-app\\App\\Core\\Session.php","line":69}
[2025-11-27 20:49:24] [ERROR] Unhandled exception {"error":"App\\Core\\Session::getFlash(): Return value must be of type string|false, null returned","file":"C:\\xampp\\htdocs\\PBL\\library-booking-app\\App\\Core\\Session.php","line":69}
[2025-11-27 20:49:45] [ERROR] Unhandled exception {"error":"App\\Core\\Session::getFlash(): Return value must be of type string|false, null returned","file":"C:\\xampp\\htdocs\\PBL\\library-booking-app\\App\\Core\\Session.php","line":69}
[2025-11-27 20:49:47] [ERROR] Unhandled exception {"error":"App\\Core\\Session::getFlash(): Return value must be of type string|false, null returned","file":"C:\\xampp\\htdocs\\PBL\\library-booking-app\\App\\Core\\Session.php","line":69}
[2025-11-27 20:49:56] [ERROR] Unhandled exception {"error":"App\\Core\\Session::getFlash(): Return value must be of type string|false, null returned","file":"C:\\xampp\\htdocs\\PBL\\library-booking-app\\App\\Core\\Session.php","line":69}
[2025-11-27 20:50:56] [ERROR] Unhandled exception {"error":"Call to undefined function csrf_field()","file":"C:\\xampp\\htdocs\\PBL\\library-booking-app\\App\\Views\\Auth\\Login.php","line":34}
[2025-11-27 20:50:57] [ERROR] Unhandled exception {"error":"Call to undefined function csrf_field()","file":"C:\\xampp\\htdocs\\PBL\\library-booking-app\\App\\Views\\Auth\\Login.php","line":34}
[2025-11-27 20:51:36] [INFO] User #1 logged in {"user_id":1,"action":"logged in"}
[2025-11-27 20:52:30] [INFO] User #1 logged out {"user_id":1,"action":"logged out"}
[2025-11-27 21:08:10] [INFO] User #1 logged in {"user_id":1,"action":"logged in"}
[2025-11-27 21:17:34] [INFO] User #1 logged out {"user_id":1,"action":"logged out"}
[2025-11-27 21:17:39] [INFO] User #1 logged in {"user_id":1,"action":"logged in"}
