[2025-11-07 08:19:21] [ERROR] Unhandled exception {"error":"SQLSTATE[42S02]: Base table or view not found: 1146 Table 'library_booking_app.role' doesn't exist","file":"C:\\xampp\\htdocs\\PBL\\library-booking-app\\App\\Controllers\\AuthController.php","line":208}
[2025-11-07 08:19:35] [ERROR] Unhandled exception {"error":"SQLSTATE[42S02]: Base table or view not found: 1146 Table 'library_booking_app.role' doesn't exist","file":"C:\\xampp\\htdocs\\PBL\\library-booking-app\\App\\Controllers\\AuthController.php","line":208}
[2025-11-07 08:32:03] [INFO] Running Seed.php
[2025-11-07 08:32:03] [INFO] Role table seeded successfully!
[2025-11-07 08:32:03] [INFO] Users table seeded successfully!
[2025-11-07 08:32:03] [INFO] Ruangan table seeded successfully!
[2025-11-07 08:32:03] [INFO] Bookings table seeded successfully!
[2025-11-07 08:32:03] [INFO] Anggota Booking table seeded successfully!
[2025-11-07 08:32:03] [INFO] Feedback table seeded successfully!
[2025-11-07 08:32:03] [INFO] Peringatan table seeded successfully!
[2025-11-07 08:32:03] [INFO] Peringatan Mahasiswa table seeded successfully!
[2025-11-07 08:32:03] [INFO] Suspensi table seeded successfully!
[2025-11-07 08:32:03] [INFO] Seeder completed successfully!
[2025-11-07 08:32:10] [INFO] Running Seed.php
[2025-11-07 08:32:10] [INFO] Role table seeded successfully!
[2025-11-07 08:32:10] [INFO] Users table seeded successfully!
[2025-11-07 08:32:11] [INFO] Ruangan table seeded successfully!
[2025-11-07 08:32:11] [INFO] Bookings table seeded successfully!
[2025-11-07 08:32:11] [INFO] Anggota Booking table seeded successfully!
[2025-11-07 08:32:11] [INFO] Feedback table seeded successfully!
[2025-11-07 08:32:11] [INFO] Peringatan table seeded successfully!
[2025-11-07 08:32:11] [INFO] Peringatan Mahasiswa table seeded successfully!
[2025-11-07 08:32:11] [INFO] Suspensi table seeded successfully!
[2025-11-07 08:32:11] [INFO] Seeder completed successfully!
[2025-11-07 08:55:44] [INFO] User #1 logged in {"user_id":1,"action":"logged in"}
[2025-11-07 08:55:46] [INFO] User #1 logged out {"user_id":1,"action":"logged out"}
[2025-11-07 09:07:33] [INFO] User #4 registered - Email: akudosen@pnj.ac.id, Role: dosen {"user_id":4,"action":"registered"}
[2025-11-07 09:07:41] [ERROR] Unhandled exception {"error":"SQLSTATE[42S22]: Column not found: 1054 Unknown column 'id' in 'where clause'","file":"C:\\xampp\\htdocs\\PBL\\library-booking-app\\App\\Core\\DbModel.php","line":45}
