[2025-11-28 08:29:26] [INFO] User #1 logged in {"user_id":1,"action":"logged in"}
[2025-11-28 08:31:11] [ERROR] Unhandled exception {"error":"Call to undefined function App\\Core\\Middleware\\auth()","file":"C:\\xampp\\htdocs\\PBL\\library-booking-app\\App\\Core\\Middleware\\AdminMiddleware.php","line":15}
[2025-11-28 08:31:16] [ERROR] Unhandled exception {"error":"Call to undefined function App\\Core\\Middleware\\auth()","file":"C:\\xampp\\htdocs\\PBL\\library-booking-app\\App\\Core\\Middleware\\AdminMiddleware.php","line":15}
[2025-11-28 08:31:24] [ERROR] Unhandled exception {"error":"Call to undefined function App\\Core\\Middleware\\auth()","file":"C:\\xampp\\htdocs\\PBL\\library-booking-app\\App\\Core\\Middleware\\AdminMiddleware.php","line":15}
[2025-11-28 08:31:45] [ERROR] Unhandled exception {"error":"Call to undefined function App\\Core\\Middleware\\auth()","file":"C:\\xampp\\htdocs\\PBL\\library-booking-app\\App\\Core\\Middleware\\AdminMiddleware.php","line":15}
[2025-11-28 08:31:49] [ERROR] Unhandled exception {"error":"Call to undefined function App\\Core\\Middleware\\auth()","file":"C:\\xampp\\htdocs\\PBL\\library-booking-app\\App\\Core\\Middleware\\AdminMiddleware.php","line":15}
[2025-11-28 08:32:07] [ERROR] Unhandled exception {"error":"Call to undefined function App\\Core\\Middleware\\app()","file":"C:\\xampp\\htdocs\\PBL\\library-booking-app\\App\\Core\\Middleware\\AuthMiddleware.php","line":20}
[2025-11-28 08:32:32] [INFO] User #1 logged in {"user_id":1,"action":"logged in"}
[2025-11-28 08:32:39] [INFO] User #1 logged out {"user_id":1,"action":"logged out"}
[2025-11-28 08:33:20] [INFO] User #3 logged in {"user_id":3,"action":"logged in"}
[2025-11-28 08:33:20] [ERROR] Unhandled exception {"error":"Call to undefined method App\\Models\\Booking::findOne()","file":"C:\\xampp\\htdocs\\PBL\\library-booking-app\\App\\Controllers\\UserDashboardController.php","line":42}
[2025-11-28 08:34:46] [ERROR] Unhandled exception {"error":"syntax error, unexpected token \"else\"","file":"C:\\xampp\\htdocs\\PBL\\library-booking-app\\App\\Views\\User\\UserDashboard.php","line":120}
[2025-11-28 08:35:12] [ERROR] Unhandled exception {"error":"syntax error, unexpected token \"else\"","file":"C:\\xampp\\htdocs\\PBL\\library-booking-app\\App\\Views\\User\\UserDashboard.php","line":120}
[2025-11-28 08:38:14] [INFO] User #3 logged out {"user_id":3,"action":"logged out"}
[2025-11-28 09:08:48] [INFO] User #39 registered - Email: hore@pnj.ac.id, Role: dosen {"user_id":39,"action":"registered"}
[2025-11-28 09:09:26] [INFO] User #39 email verified - Status changed to: active {"user_id":39,"action":"email verified"}
[2025-11-28 09:09:44] [INFO] User #39 logged in {"user_id":39,"action":"logged in"}
[2025-11-28 09:10:09] [INFO] User #39 logged out {"user_id":39,"action":"logged out"}
[2025-11-28 09:10:32] [INFO] User #11 logged in {"user_id":11,"action":"logged in"}
[2025-11-28 09:11:14] [INFO] KuBaca uploaded {"user_id":11,"filename":"kubaca_11_692904c2e0bb9_1764295874.jpg"}
[2025-11-28 09:11:38] [INFO] User #1 logged in {"user_id":1,"action":"logged in"}
[2025-11-28 09:12:21] [INFO] Admin #1 approved kubaca - Target: budi.santoso@stu.pnj.ac.id {"admin_id":1,"action":"approved kubaca"}
[2025-11-28 09:15:28] [INFO] Booking #20 draft created by User #11 {"user_id":11,"booking_id":20,"room_id":8,"usage_date":"2025-11-28","time":"10:00 - 11:00","status":"draft"}
[2025-11-28 09:17:36] [INFO] Booking #20 submitted to admin by User #11 {"user_id":11,"booking_id":20}
[2025-11-28 09:18:24] [INFO] Admin #1 verified booking - Booking #20 verified {"admin_id":1,"action":"verified booking"}
[2025-11-28 09:20:22] [INFO] Admin #1 activated booking - Booking #20 activated with code 5B4A4B {"admin_id":1,"action":"activated booking"}
[2025-11-28 09:22:48] [INFO] Admin #1 completed booking - Booking #20 marked as completed {"admin_id":1,"action":"completed booking"}
[2025-11-28 09:23:22] [INFO] Feedback submitted {"user_id":11,"booking_id":20,"rating":5}
[2025-11-28 10:17:47] [INFO] User #1 logged out {"user_id":1,"action":"logged out"}
[2025-11-28 10:59:56] [ERROR] Unhandled Exception {"error":"Call to undefined method App\\Core\\Services\\AuthService::verifyTurnstile()","file":"C:\\xampp\\htdocs\\PBL\\library-booking-app\\App\\Controllers\\AuthController.php","line":36}
[2025-11-28 11:00:23] [ERROR] Unhandled Exception {"error":"Call to undefined method App\\Core\\Services\\AuthService::verifyTurnstile()","file":"C:\\xampp\\htdocs\\PBL\\library-booking-app\\App\\Controllers\\AuthController.php","line":36}
[2025-11-28 11:31:27] [ERROR] Unhandled Exception {"error":"Call to a member function hasError() on null","file":"C:\\xampp\\htdocs\\PBL\\library-booking-app\\App\\Views\\Auth\\Login.php","line":38}
[2025-11-28 12:37:10] [ERROR] Unhandled Exception {"error":"Call to a member function hasError() on null","file":"C:\\xampp\\htdocs\\PBL\\library-booking-app\\App\\Views\\Auth\\Login.php","line":38}
[2025-11-28 12:37:10] [ERROR] Unhandled Exception {"error":"Call to a member function hasError() on null","file":"C:\\xampp\\htdocs\\PBL\\library-booking-app\\App\\Views\\Auth\\Login.php","line":38}
[2025-11-28 12:39:02] [ERROR] Unhandled Exception {"error":"Call to a member function hasError() on null","file":"C:\\xampp\\htdocs\\PBL\\library-booking-app\\App\\Views\\Auth\\Login.php","line":38}
[2025-11-28 12:45:23] [ERROR] Unhandled Exception {"error":"Call to a member function hasError() on null","file":"C:\\xampp\\htdocs\\PBL\\library-booking-app\\App\\Views\\Auth\\Login.php","line":38}
[2025-11-28 12:45:38] [ERROR] Unhandled Exception {"error":"Call to a member function hasError() on null","file":"C:\\xampp\\htdocs\\PBL\\library-booking-app\\App\\Views\\Auth\\Login.php","line":38}
[2025-11-28 12:45:38] [ERROR] Unhandled Exception {"error":"Call to a member function hasError() on null","file":"C:\\xampp\\htdocs\\PBL\\library-booking-app\\App\\Views\\Auth\\Login.php","line":38}
[2025-11-28 12:47:51] [ERROR] Unhandled Exception {"error":"Call to a member function hasError() on null","file":"C:\\xampp\\htdocs\\PBL\\library-booking-app\\App\\Views\\Auth\\Login.php","line":38}
[2025-11-28 12:47:51] [ERROR] Unhandled Exception {"error":"Call to a member function hasError() on null","file":"C:\\xampp\\htdocs\\PBL\\library-booking-app\\App\\Views\\Auth\\Login.php","line":38}
[2025-11-28 12:47:51] [ERROR] Unhandled Exception {"error":"Call to a member function hasError() on null","file":"C:\\xampp\\htdocs\\PBL\\library-booking-app\\App\\Views\\Auth\\Login.php","line":38}
[2025-11-28 12:49:09] [ERROR] Unhandled Exception {"error":"Call to a member function hasError() on null","file":"C:\\xampp\\htdocs\\PBL\\library-booking-app\\App\\Views\\Auth\\Login.php","line":38}
[2025-11-28 12:51:08] [ERROR] Unhandled Exception {"error":"App\\Core\\Session::getFlash(): Return value must be of type string|false, null returned","file":"C:\\xampp\\htdocs\\PBL\\library-booking-app\\App\\Core\\Session.php","line":69}
[2025-11-28 12:51:09] [ERROR] Unhandled Exception {"error":"App\\Core\\Session::getFlash(): Return value must be of type string|false, null returned","file":"C:\\xampp\\htdocs\\PBL\\library-booking-app\\App\\Core\\Session.php","line":69}
[2025-11-28 12:51:09] [ERROR] Unhandled Exception {"error":"App\\Core\\Session::getFlash(): Return value must be of type string|false, null returned","file":"C:\\xampp\\htdocs\\PBL\\library-booking-app\\App\\Core\\Session.php","line":69}
[2025-11-28 12:51:09] [ERROR] Unhandled Exception {"error":"App\\Core\\Session::getFlash(): Return value must be of type string|false, null returned","file":"C:\\xampp\\htdocs\\PBL\\library-booking-app\\App\\Core\\Session.php","line":69}
[2025-11-28 12:52:08] [ERROR] Unhandled Exception {"error":"Call to a member function hasError() on null","file":"C:\\xampp\\htdocs\\PBL\\library-booking-app\\App\\Views\\Auth\\Login.php","line":38}
[2025-11-28 12:52:08] [ERROR] Unhandled Exception {"error":"Call to a member function hasError() on null","file":"C:\\xampp\\htdocs\\PBL\\library-booking-app\\App\\Views\\Auth\\Login.php","line":38}
[2025-11-28 12:52:08] [ERROR] Unhandled Exception {"error":"Call to a member function hasError() on null","file":"C:\\xampp\\htdocs\\PBL\\library-booking-app\\App\\Views\\Auth\\Login.php","line":38}
[2025-11-28 12:55:27] [ERROR] Unhandled Exception {"error":"Call to undefined method App\\Models\\Role::Query()","file":"C:\\xampp\\htdocs\\PBL\\library-booking-app\\App\\Core\\Relations\\BelongsTo.php","line":10}
[2025-11-28 12:57:51] [ERROR] Unhandled Exception {"error":"App\\Core\\Services\\Logger::auth(): Argument #2 ($userId) must be of type int, string given, called in C:\\xampp\\htdocs\\PBL\\library-booking-app\\App\\Controllers\\AuthController.php on line 51","file":"C:\\xampp\\htdocs\\PBL\\library-booking-app\\App\\Core\\Services\\Logger.php","line":56}
[2025-11-28 12:58:32] [INFO] User #1 Logged in - Email: admin@pnj.ac.id {"user_id":1,"action":"Logged in"}
[2025-11-28 12:58:55] [INFO] User #1 Logged in - Email: admin@pnj.ac.id {"user_id":1,"action":"Logged in"}
[2025-11-28 13:00:03] [INFO] User #1 Logged in - Email: admin@pnj.ac.id {"user_id":1,"action":"Logged in"}
[2025-11-28 13:03:52] [INFO] User #1 Logged in - Email: admin@pnj.ac.id {"user_id":1,"action":"Logged in"}
[2025-11-28 13:05:02] [INFO] User #1 Logged in - Email: admin@pnj.ac.id {"user_id":1,"action":"Logged in"}
[2025-11-28 13:07:34] [ERROR] Unhandled Exception {"error":"Call to undefined method App\\Core\\Services\\AuthService::isGuest()","file":"C:\\xampp\\htdocs\\PBL\\library-booking-app\\App\\Views\\Layouts\\main.php","line":50}
[2025-11-28 13:07:35] [ERROR] Unhandled Exception {"error":"Call to undefined method App\\Core\\Services\\AuthService::isGuest()","file":"C:\\xampp\\htdocs\\PBL\\library-booking-app\\App\\Views\\Layouts\\main.php","line":50}
[2025-11-28 13:07:44] [INFO] User #1 Logged in - Email: admin@pnj.ac.id {"user_id":1,"action":"Logged in"}
[2025-11-28 13:07:45] [ERROR] Unhandled Exception {"error":"Call to undefined method App\\Core\\Services\\AuthService::isGuest()","file":"C:\\xampp\\htdocs\\PBL\\library-booking-app\\App\\Views\\Layouts\\main.php","line":50}
[2025-11-28 13:07:46] [ERROR] Unhandled Exception {"error":"Call to undefined method App\\Core\\Services\\AuthService::isGuest()","file":"C:\\xampp\\htdocs\\PBL\\library-booking-app\\App\\Views\\Layouts\\main.php","line":50}
[2025-11-28 13:08:21] [ERROR] Unhandled Exception {"error":"Call to undefined method App\\Core\\Services\\AuthService::isGuest()","file":"C:\\xampp\\htdocs\\PBL\\library-booking-app\\App\\Views\\Layouts\\main.php","line":157}
[2025-11-28 13:08:22] [ERROR] Unhandled Exception {"error":"Call to undefined method App\\Core\\Services\\AuthService::isGuest()","file":"C:\\xampp\\htdocs\\PBL\\library-booking-app\\App\\Views\\Layouts\\main.php","line":157}
[2025-11-28 13:08:23] [ERROR] Unhandled Exception {"error":"Call to undefined method App\\Core\\Services\\AuthService::isGuest()","file":"C:\\xampp\\htdocs\\PBL\\library-booking-app\\App\\Views\\Layouts\\main.php","line":157}
[2025-11-28 13:08:24] [ERROR] Unhandled Exception {"error":"Call to undefined method App\\Core\\Services\\AuthService::isGuest()","file":"C:\\xampp\\htdocs\\PBL\\library-booking-app\\App\\Views\\Layouts\\main.php","line":157}
[2025-11-28 13:08:25] [ERROR] Unhandled Exception {"error":"Call to undefined method App\\Core\\Services\\AuthService::isGuest()","file":"C:\\xampp\\htdocs\\PBL\\library-booking-app\\App\\Views\\Layouts\\main.php","line":157}
[2025-11-28 13:08:25] [ERROR] Unhandled Exception {"error":"Call to undefined method App\\Core\\Services\\AuthService::isGuest()","file":"C:\\xampp\\htdocs\\PBL\\library-booking-app\\App\\Views\\Layouts\\main.php","line":157}
[2025-11-28 13:10:53] [ERROR] Unhandled Exception {"error":"Call to undefined method App\\Core\\Response::cookie()","file":"C:\\xampp\\htdocs\\PBL\\library-booking-app\\App\\Core\\Services\\AuthService.php","line":186}
[2025-11-28 13:12:49] [INFO] User #1 Logged in - Email: admin@pnj.ac.id {"user_id":1,"action":"Logged in"}
[2025-11-28 13:12:50] [ERROR] Unhandled Exception {"error":"Call to undefined method App\\Core\\Response::cookie()","file":"C:\\xampp\\htdocs\\PBL\\library-booking-app\\App\\Core\\Services\\AuthService.php","line":186}
[2025-11-28 13:52:58] [INFO] User #1 Logged in - Email: admin@pnj.ac.id {"user_id":1,"action":"Logged in"}
[2025-11-28 13:53:06] [ERROR] Unhandled Exception {"error":"Call to undefined method App\\Core\\Response::cookie()","file":"C:\\xampp\\htdocs\\PBL\\library-booking-app\\App\\Core\\Services\\AuthService.php","line":186}
[2025-11-28 13:53:49] [INFO] User #1 Logged in - Email: admin@pnj.ac.id {"user_id":1,"action":"Logged in"}
[2025-11-28 13:55:19] [INFO] User #1 logged out {"user_id":1,"action":"logged out"}
[2025-11-28 13:55:40] [ERROR] Unhandled Exception {"error":"App\\Core\\Session::getFlash(): Return value must be of type string|false, array returned","file":"C:\\xampp\\htdocs\\PBL\\library-booking-app\\App\\Core\\Session.php","line":69}
[2025-11-28 13:56:11] [ERROR] Unhandled Exception {"error":"App\\Core\\Session::getFlash(): Return value must be of type string|false, array returned","file":"C:\\xampp\\htdocs\\PBL\\library-booking-app\\App\\Core\\Session.php","line":69}
[2025-11-28 13:59:07] [ERROR] Unhandled Exception {"error":"Call to a member function hasError() on null","file":"C:\\xampp\\htdocs\\PBL\\library-booking-app\\App\\Views\\Auth\\Mahasiswa.php","line":38}
[2025-11-28 14:06:09] [ERROR] Unhandled Exception {"error":"syntax error, unexpected token \";\", expecting \"]\"","file":"C:\\xampp\\htdocs\\PBL\\library-booking-app\\App\\Controllers\\AuthController.php","line":35}
[2025-11-28 14:06:48] [INFO] User #1 Logged in - Email: admin@pnj.ac.id {"user_id":1,"action":"Logged in"}
[2025-11-28 14:06:56] [INFO] User #1 logged out {"user_id":1,"action":"logged out"}
[2025-11-28 14:07:03] [INFO] User #1 Logged in - Email: admin@pnj.ac.id {"user_id":1,"action":"Logged in"}
[2025-11-28 14:07:18] [ERROR] Unhandled Exception {"error":"Call to a member function hasError() on null","file":"C:\\xampp\\htdocs\\PBL\\library-booking-app\\App\\Views\\Auth\\Mahasiswa.php","line":38}
[2025-11-28 14:09:01] [ERROR] Unhandled Exception {"error":"Call to a member function hasError() on null","file":"C:\\xampp\\htdocs\\PBL\\library-booking-app\\App\\Views\\Auth\\Mahasiswa.php","line":69}
[2025-11-28 14:11:05] [ERROR] Unhandled Exception {"error":"Call to a member function hasError() on null","file":"C:\\xampp\\htdocs\\PBL\\library-booking-app\\App\\Views\\Auth\\Mahasiswa.php","line":125}
[2025-11-28 14:12:05] [ERROR] Unhandled Exception {"error":"htmlspecialchars(): Argument #1 ($string) must be of type string, array given","file":"C:\\xampp\\htdocs\\PBL\\library-booking-app\\App\\Views\\Auth\\Mahasiswa.php","line":55}
[2025-11-28 14:15:57] [INFO] User #40 registered - Email: lelele@pnj.ac.id {"user_id":40,"action":"registered"}
[2025-11-28 14:17:00] [INFO] User #40 otp resent {"user_id":40,"action":"otp resent"}
[2025-11-28 14:17:10] [INFO] User #40 email verified - Status changed to: pending kubaca {"user_id":40,"action":"email verified"}
[2025-11-28 14:17:29] [INFO] User #40 Logged in - Email: lelele@pnj.ac.id {"user_id":40,"action":"Logged in"}
[2025-11-28 14:17:40] [INFO] User #40 logged out {"user_id":40,"action":"logged out"}
