[2025-12-04 04:26:48] [WARNING] 404 Not Found {"uri":"\/favicon.ico","method":"get"}
[2025-12-04 04:28:05] [INFO] User #3 Logged in - Email: mahasiswa@stu.pnj.ac.id {"user_id":3,"action":"Logged in"}
[2025-12-04 06:55:21] [INFO] User #3 logged in {"user_id":3,"action":"logged in"}
[2025-12-04 06:55:23] [ERROR] Unhandled exception {"error":"Call to undefined function formatTanggal()","file":"C:\\xampp\\htdocs\\PBL\\library-booking-app\\App\\Views\\User\\Bookings\\Index.php","line":208}
[2025-12-04 06:56:22] [ERROR] Unhandled exception {"error":"Call to undefined function formatTanggal()","file":"C:\\xampp\\htdocs\\PBL\\library-booking-app\\App\\Views\\User\\Bookings\\Index.php","line":203}
[2025-12-04 06:56:25] [ERROR] Unhandled exception {"error":"Call to undefined function formatTanggal()","file":"C:\\xampp\\htdocs\\PBL\\library-booking-app\\App\\Views\\User\\Bookings\\Index.php","line":203}
[2025-12-04 06:56:25] [ERROR] Unhandled exception {"error":"Call to undefined function formatTanggal()","file":"C:\\xampp\\htdocs\\PBL\\library-booking-app\\App\\Views\\User\\Bookings\\Index.php","line":203}
[2025-12-04 06:57:17] [ERROR] Unhandled exception {"error":"Call to undefined function formatTanggal()","file":"C:\\xampp\\htdocs\\PBL\\library-booking-app\\App\\Views\\User\\Bookings\\Index.php","line":213}
[2025-12-04 06:58:25] [ERROR] Unhandled exception {"error":"Call to undefined function formatTanggal()","file":"C:\\xampp\\htdocs\\PBL\\library-booking-app\\App\\Views\\User\\Bookings\\Index.php","line":213}
[2025-12-04 06:58:47] [ERROR] Unhandled exception {"error":"Call to undefined function formatTanggal()","file":"C:\\xampp\\htdocs\\PBL\\library-booking-app\\App\\Views\\User\\Bookings\\Index.php","line":213}
[2025-12-04 06:59:55] [ERROR] Unhandled exception {"error":"Call to undefined function formatTanggal()","file":"C:\\xampp\\htdocs\\PBL\\library-booking-app\\App\\Views\\User\\Bookings\\Index.php","line":213}
[2025-12-04 07:00:03] [ERROR] Unhandled exception {"error":"Call to undefined function formatTanggal()","file":"C:\\xampp\\htdocs\\PBL\\library-booking-app\\App\\Views\\User\\Bookings\\Index.php","line":213}
[2025-12-04 07:00:19] [ERROR] Unhandled exception {"error":"Call to undefined function formatTanggal()","file":"C:\\xampp\\htdocs\\PBL\\library-booking-app\\App\\Views\\User\\Bookings\\Index.php","line":213}
[2025-12-04 07:10:24] [ERROR] Unhandled exception {"error":"Call to a member function getMembers() on array","file":"C:\\xampp\\htdocs\\PBL\\library-booking-app\\App\\Views\\User\\Bookings\\Detail.php","line":250}
[2025-12-04 07:22:39] [ERROR] Unhandled exception {"error":"syntax error, unexpected end of file, expecting \"elseif\" or \"else\" or \"endif\"","file":"C:\\xampp\\htdocs\\PBL\\library-booking-app\\App\\Views\\User\\Bookings\\Draft.php","line":353}
[2025-12-04 07:29:09] [INFO] User #3 logged in {"user_id":3,"action":"logged in"}
[2025-12-04 07:31:26] [ERROR] Unhandled exception {"error":"Call to a member function getMembers() on array","file":"C:\\xampp\\htdocs\\PBL\\library-booking-app\\App\\Views\\User\\Bookings\\Detail.php","line":250}
[2025-12-04 07:32:02] [ERROR] Unhandled exception {"error":"Call to a member function getMembers() on array","file":"C:\\xampp\\htdocs\\PBL\\library-booking-app\\App\\Views\\User\\Bookings\\Detail.php","line":250}
[2025-12-04 07:32:29] [ERROR] Unhandled exception {"error":"Call to a member function getMembers() on array","file":"C:\\xampp\\htdocs\\PBL\\library-booking-app\\App\\Views\\User\\Bookings\\Detail.php","line":250}
[2025-12-04 07:33:02] [ERROR] Unhandled exception {"error":"Call to a member function getMembers() on array","file":"C:\\xampp\\htdocs\\PBL\\library-booking-app\\App\\Views\\User\\Bookings\\Detail.php","line":252}
[2025-12-04 07:39:09] [ERROR] Unhandled exception {"error":"SQLSTATE[42000]: Syntax error or access violation: 1064 You have an error in your SQL syntax; check the manual that corresponds to your MariaDB server version for the right syntax to use near 'AS role,\r\n                EXISTS(SELECT 1 FROM feedback f WHERE f.booking_id ...' at line 2","file":"C:\\xampp\\htdocs\\PBL\\library-booking-app\\App\\Core\\Services\\UserDashboardService.php","line":64}
[2025-12-04 07:55:51] [INFO] User #3 logged out {"user_id":3,"action":"logged out"}
[2025-12-04 07:56:09] [INFO] User #1 logged in {"user_id":1,"action":"logged in"}
[2025-12-04 07:56:17] [INFO] User #1 logged out {"user_id":1,"action":"logged out"}
[2025-12-04 07:56:23] [INFO] User #3 logged in {"user_id":3,"action":"logged in"}
[2025-12-04 07:56:38] [ERROR] Unhandled exception {"error":"SQLSTATE[42S22]: Column not found: 1054 Unknown column 'jenis_ruangan' in 'field list'","file":"C:\\xampp\\htdocs\\PBL\\library-booking-app\\App\\Core\\QueryBuilder.php","line":325}
[2025-12-04 07:57:25] [INFO] Booking #22 draft created by User #3 {"user_id":3,"booking_id":22,"room_id":8,"usage_date":"2025-12-04","time":"08:15 - 11:00","status":"draft"}
[2025-12-04 07:59:36] [INFO] User #3 Logged in - Email: mahasiswa@stu.pnj.ac.id {"user_id":3,"action":"Logged in"}
[2025-12-04 08:28:58] [ERROR] Unhandled exception {"error":"Cannot use object of type App\\Models\\Booking as array","file":"C:\\xampp\\htdocs\\PBL\\library-booking-app\\App\\Views\\User\\Bookings\\Index.php","line":144}
[2025-12-04 08:29:15] [ERROR] Unhandled exception {"error":"Cannot use object of type App\\Models\\Booking as array","file":"C:\\xampp\\htdocs\\PBL\\library-booking-app\\App\\Views\\User\\Bookings\\Index.php","line":144}
[2025-12-04 08:31:18] [INFO] User #3 logged out {"user_id":3,"action":"logged out"}
[2025-12-04 08:31:22] [INFO] User #2 logged in {"user_id":2,"action":"logged in"}
[2025-12-04 08:31:25] [ERROR] Unhandled exception {"error":"App\\Core\\Services\\UserBookingService::getMemberCount(): Argument #1 ($booking) must be of type App\\Models\\Booking, null given, called in C:\\xampp\\htdocs\\PBL\\library-booking-app\\App\\Core\\Services\\UserBookingService.php on line 530","file":"C:\\xampp\\htdocs\\PBL\\library-booking-app\\App\\Core\\Services\\UserBookingService.php","line":458}
[2025-12-04 08:31:57] [ERROR] Unhandled exception {"error":"App\\Core\\Services\\UserBookingService::getMemberCount(): Argument #1 ($booking) must be of type App\\Models\\Booking, null given, called in C:\\xampp\\htdocs\\PBL\\library-booking-app\\App\\Core\\Services\\UserBookingService.php on line 530","file":"C:\\xampp\\htdocs\\PBL\\library-booking-app\\App\\Core\\Services\\UserBookingService.php","line":458}
[2025-12-04 08:33:19] [INFO] User #2 logged out {"user_id":2,"action":"logged out"}
[2025-12-04 08:33:22] [INFO] User #3 logged in {"user_id":3,"action":"logged in"}
[2025-12-04 08:35:46] [INFO] User #3 logged out {"user_id":3,"action":"logged out"}
[2025-12-04 08:35:50] [INFO] User #2 logged in {"user_id":2,"action":"logged in"}
[2025-12-04 08:37:12] [INFO] User #2 logged out {"user_id":2,"action":"logged out"}
[2025-12-04 08:37:19] [INFO] User #3 logged in {"user_id":3,"action":"logged in"}
[2025-12-04 08:38:55] [INFO] User #2 logged in {"user_id":2,"action":"logged in"}
[2025-12-04 08:41:15] [INFO] User #2 logged out {"user_id":2,"action":"logged out"}
[2025-12-04 08:41:19] [INFO] User #3 logged in {"user_id":3,"action":"logged in"}
[2025-12-04 08:41:33] [INFO] User #2 logged in {"user_id":2,"action":"logged in"}
[2025-12-04 08:42:01] [INFO] Booking #22 submitted to admin by User #3 {"user_id":3,"booking_id":22}
[2025-12-04 08:42:13] [INFO] User #3 logged out {"user_id":3,"action":"logged out"}
[2025-12-04 08:42:18] [INFO] User #1 logged in {"user_id":1,"action":"logged in"}
[2025-12-04 08:42:23] [INFO] Admin #1 verified booking - Booking #22 verified {"admin_id":1,"action":"verified booking"}
[2025-12-04 08:42:27] [INFO] Admin #1 activated booking - Booking #22 activated with code 25425B {"admin_id":1,"action":"activated booking"}
[2025-12-04 08:42:29] [INFO] Admin #1 completed booking - Booking #22 marked as completed {"admin_id":1,"action":"completed booking"}
[2025-12-04 08:42:38] [INFO] User #1 logged out {"user_id":1,"action":"logged out"}
[2025-12-04 08:42:45] [INFO] User #3 logged in {"user_id":3,"action":"logged in"}
[2025-12-04 08:42:50] [INFO] Feedback submitted {"user_id":3,"booking_id":22,"rating":5}
[2025-12-04 08:42:52] [INFO] User #3 logged out {"user_id":3,"action":"logged out"}
[2025-12-04 08:42:55] [INFO] User #1 logged in {"user_id":1,"action":"logged in"}
[2025-12-04 08:51:43] [INFO] User #3 logged in {"user_id":3,"action":"logged in"}
[2025-12-04 08:55:01] [INFO] User #3 logged out {"user_id":3,"action":"logged out"}
[2025-12-04 08:55:26] [INFO] User #1 logged in {"user_id":1,"action":"logged in"}
[2025-12-04 08:55:32] [INFO] User #1 logged out {"user_id":1,"action":"logged out"}
[2025-12-04 08:56:01] [INFO] User #3 logged in {"user_id":3,"action":"logged in"}
[2025-12-04 09:02:31] [INFO] User #3 logged out {"user_id":3,"action":"logged out"}
[2025-12-04 09:03:02] [INFO] User #3 logged in {"user_id":3,"action":"logged in"}
[2025-12-04 09:05:37] [INFO] User #3 logged out {"user_id":3,"action":"logged out"}
[2025-12-04 09:06:15] [INFO] User #7 logged in {"user_id":7,"action":"logged in"}
[2025-12-04 09:07:39] [INFO] User #7 logged out {"user_id":7,"action":"logged out"}
[2025-12-04 09:07:43] [INFO] User #1 logged in {"user_id":1,"action":"logged in"}
