[2025-11-25 11:06:52] [INFO] User #36 registered - Email: rizkihug324@stu.pnj.ac.id, Role: mahasiswa {"user_id":36,"action":"registered"}
[2025-11-25 11:07:01] [INFO] User #36 email verified - Status changed to: pending kubaca {"user_id":36,"action":"email verified"}
[2025-11-25 11:08:06] [INFO] User #37 registered - Email: akudosen@pnj.ac.id, Role: dosen {"user_id":37,"action":"registered"}
[2025-11-25 11:08:13] [INFO] User #37 email verified - Status changed to: active {"user_id":37,"action":"email verified"}
[2025-11-25 11:08:23] [INFO] User #37 logged in {"user_id":37,"action":"logged in"}
[2025-11-25 11:08:30] [INFO] User #37 logged out {"user_id":37,"action":"logged out"}
[2025-11-25 11:09:00] [INFO] User #36 logged in {"user_id":36,"action":"logged in"}
[2025-11-25 11:10:00] [INFO] User #36 logged out {"user_id":36,"action":"logged out"}
[2025-11-25 11:11:44] [INFO] User #36 logged in {"user_id":36,"action":"logged in"}
[2025-11-25 11:12:45] [INFO] KuBaca uploaded {"user_id":36,"filename":"kubaca_36_69252cbdd84cd_1764043965.jpg"}
[2025-11-25 11:13:07] [INFO] User #1 logged in {"user_id":1,"action":"logged in"}
[2025-11-25 11:14:00] [INFO] Admin #1 approved kubaca - Target: rizkihug324@stu.pnj.ac.id {"admin_id":1,"action":"approved kubaca"}
[2025-11-25 11:16:11] [INFO] Booking #18 draft created by User #36 {"user_id":36,"booking_id":18,"room_id":8,"usage_date":"2025-11-26","time":"09:00 - 11:00","status":"draft"}
[2025-11-25 11:16:46] [INFO] User #1 logged out {"user_id":1,"action":"logged out"}
[2025-11-25 11:16:59] [INFO] User #1 logged in {"user_id":1,"action":"logged in"}
[2025-11-25 11:17:41] [INFO] Booking #18 submitted to admin by User #36 {"user_id":36,"booking_id":18}
[2025-11-25 11:18:03] [ERROR] Unhandled exception {"error":"App\\Core\\Services\\AdminBookingService::getBookingById(): Argument #1 ($id) must be of type int, string given, called in C:\\xampp\\htdocs\\PBL\\library-booking-app\\App\\Core\\Services\\AdminBookingService.php on line 455","file":"C:\\xampp\\htdocs\\PBL\\library-booking-app\\App\\Core\\Services\\AdminBookingService.php","line":40}
[2025-11-25 11:18:41] [INFO] Admin #1 verified booking - Booking #18 verified {"admin_id":1,"action":"verified booking"}
[2025-11-25 11:20:20] [INFO] Admin #1 activated booking - Booking #18 activated with code 7BB02F {"admin_id":1,"action":"activated booking"}
[2025-11-25 11:20:39] [INFO] Admin #1 completed booking - Booking #18 marked as completed {"admin_id":1,"action":"completed booking"}
[2025-11-25 11:21:48] [INFO] Feedback submitted {"user_id":36,"booking_id":18,"rating":5}
[2025-11-25 11:39:17] [INFO] User #36 logged out {"user_id":36,"action":"logged out"}
[2025-11-25 20:19:15] [INFO] User #1 logged in {"user_id":1,"action":"logged in"}
[2025-11-25 20:19:22] [ERROR] Unhandled exception {"error":"Cannot assign null to property App\\Models\\Feedback::$nama_ruangan of type string","file":"C:\\xampp\\htdocs\\PBL\\library-booking-app\\App\\Models\\Feedback.php","line":70}
[2025-11-25 20:19:38] [ERROR] Unhandled exception {"error":"Cannot assign null to property App\\Models\\Feedback::$nama_ruangan of type string","file":"C:\\xampp\\htdocs\\PBL\\library-booking-app\\App\\Models\\Feedback.php","line":70}
[2025-11-25 20:19:49] [ERROR] Unhandled exception {"error":"Cannot assign null to property App\\Models\\Feedback::$nama_ruangan of type string","file":"C:\\xampp\\htdocs\\PBL\\library-booking-app\\App\\Models\\Feedback.php","line":70}
[2025-11-25 20:21:20] [ERROR] Unhandled exception {"error":"Cannot assign null to property App\\Models\\Feedback::$nama_ruangan of type string","file":"C:\\xampp\\htdocs\\PBL\\library-booking-app\\App\\Models\\Feedback.php","line":70}
[2025-11-25 20:21:50] [ERROR] Unhandled exception {"error":"Cannot assign null to property App\\Models\\Feedback::$nama_ruangan of type string","file":"C:\\xampp\\htdocs\\PBL\\library-booking-app\\App\\Models\\Feedback.php","line":70}
