[2025-12-08 07:22:13] [WARNING] 404 Not Found {"uri":"\/favicon.ico","method":"get"}
[2025-12-08 07:22:28] [INFO] User #1 Logged in - Email: admin@pnj.ac.id {"user_id":1,"action":"Logged in"}
[2025-12-08 07:23:31] [INFO] User #1 logged out - Email: admin@pnj.ac.id {"user_id":1,"action":"logged out"}
[2025-12-08 07:23:41] [INFO] User #3 Logged in - Email: mahasiswa@stu.pnj.ac.id {"user_id":3,"action":"Logged in"}
[2025-12-08 09:42:36] [ERROR] Unhandled Exception {"error":"syntax error, unexpected end of file","file":"C:\\xampp\\htdocs\\PBL\\library-booking-app\\App\\Views\\User\\Rooms\\Index.php","line":470,"trace":"#0 C:\\xampp\\htdocs\\PBL\\library-booking-app\\App\\Core\\Router.php(210): App\\Core\\Router->renderOnlyView()\n#1 C:\\xampp\\htdocs\\PBL\\library-booking-app\\App\\Core\\Controller.php(19): App\\Core\\Router->renderView()\n#2 C:\\xampp\\htdocs\\PBL\\library-booking-app\\App\\Helpers\\Helpers.php(60): App\\Core\\Controller->render()\n#3 C:\\xampp\\htdocs\\PBL\\library-booking-app\\App\\Controllers\\UserRoomController.php(39): view()\n#4 [internal function]: App\\Controllers\\UserRoomController->index()\n#5 C:\\xampp\\htdocs\\PBL\\library-booking-app\\App\\Core\\Router.php(195): call_user_func_array()\n#6 C:\\xampp\\htdocs\\PBL\\library-booking-app\\App\\Core\\App.php(113): App\\Core\\Router->resolve()\n#7 C:\\xampp\\htdocs\\PBL\\library-booking-app\\Public\\index.php(8): App\\Core\\App->run()\n#8 {main}"}
[2025-12-08 09:50:49] [INFO] User #3 logged out - Email: mahasiswa@stu.pnj.ac.id {"user_id":3,"action":"logged out"}
[2025-12-08 09:50:53] [INFO] User #1 Logged in - Email: admin@pnj.ac.id {"user_id":1,"action":"Logged in"}
[2025-12-08 09:54:59] [WARNING] 404 Not Found {"uri":"\/js\/report-chart.js","method":"get"}
[2025-12-08 09:59:33] [INFO] User #1 logged out - Email: admin@pnj.ac.id {"user_id":1,"action":"logged out"}
[2025-12-08 09:59:40] [INFO] User #3 Logged in - Email: mahasiswa@stu.pnj.ac.id {"user_id":3,"action":"Logged in"}
[2025-12-08 10:08:42] [INFO] Booking Created {"booking_id":37,"pic":"mahasiswa","status":"draft"}
[2025-12-08 10:12:47] [INFO] User #2 Logged in - Email: dosen@pnj.ac.id {"user_id":2,"action":"Logged in"}
[2025-12-08 10:12:56] [INFO] Member added to booking {"booking_id":37,"member_user_id":2,"added_by":2}
[2025-12-08 10:13:07] [INFO] Booking Transitioned {"booking_id":37,"old_status":"draft","new_status":"pending","reason":"Submitted by PIC for approval"}
[2025-12-08 10:13:10] [INFO] User #2 logged out - Email: dosen@pnj.ac.id {"user_id":2,"action":"logged out"}
[2025-12-08 10:13:14] [INFO] User #1 Logged in - Email: admin@pnj.ac.id {"user_id":1,"action":"Logged in"}
[2025-12-08 10:13:30] [INFO] Booking Transitioned {"booking_id":37,"old_status":"pending","new_status":"verified","reason":"Approved by admin"}
[2025-12-08 10:14:40] [INFO] Booking Deleted {"booking_id":37}
[2025-12-08 10:15:29] [INFO] Booking Created {"booking_id":38,"pic":"mahasiswa","status":"draft"}
[2025-12-08 10:17:22] [INFO] Member added to booking {"booking_id":38,"member_user_id":1,"added_by":1}
[2025-12-08 10:17:32] [INFO] Member kicked from booking {"booking_id":38,"kicked_user_id":1,"kicked_by":3}
[2025-12-08 10:17:37] [INFO] User #1 logged out - Email: admin@pnj.ac.id {"user_id":1,"action":"logged out"}
[2025-12-08 10:17:42] [INFO] User #2 Logged in - Email: dosen@pnj.ac.id {"user_id":2,"action":"Logged in"}
[2025-12-08 10:17:44] [INFO] Member added to booking {"booking_id":38,"member_user_id":2,"added_by":2}
[2025-12-08 10:17:47] [INFO] Member kicked from booking {"booking_id":38,"kicked_user_id":2,"kicked_by":3}
[2025-12-08 10:17:50] [INFO] Member added to booking {"booking_id":38,"member_user_id":2,"added_by":2}
[2025-12-08 10:19:46] [INFO] Booking Transitioned {"booking_id":38,"old_status":"draft","new_status":"cancelled","reason":"Dibatalkan oleh user"}
[2025-12-08 10:20:27] [INFO] Booking Created {"booking_id":39,"pic":"mahasiswa","status":"draft"}
[2025-12-08 10:20:33] [INFO] Member added to booking {"booking_id":39,"member_user_id":2,"added_by":2}
[2025-12-08 10:20:36] [INFO] Member left booking {"booking_id":39,"member_user_id":2}
[2025-12-08 10:20:43] [INFO] Member added to booking {"booking_id":39,"member_user_id":2,"added_by":2}
[2025-12-08 10:20:52] [INFO] Booking Transitioned {"booking_id":39,"old_status":"draft","new_status":"pending","reason":"Submitted by PIC for approval"}
[2025-12-08 10:20:56] [INFO] User #2 logged out - Email: dosen@pnj.ac.id {"user_id":2,"action":"logged out"}
[2025-12-08 10:20:59] [INFO] User #1 Logged in - Email: admin@pnj.ac.id {"user_id":1,"action":"Logged in"}
[2025-12-08 10:21:23] [INFO] Booking Transitioned {"booking_id":39,"old_status":"pending","new_status":"verified","reason":"Approved by admin"}
[2025-12-08 10:22:57] [INFO] Booking Transitioned {"booking_id":39,"old_status":"verified","new_status":"active","reason":"Checked in by admin"}
[2025-12-08 10:23:26] [WARNING] 404 Not Found {"uri":"\/.well-known\/appspecific\/com.chrome.devtools.json","method":"get"}
[2025-12-08 10:25:27] [INFO] User #1 logged out - Email: admin@pnj.ac.id {"user_id":1,"action":"logged out"}
[2025-12-08 10:25:32] [INFO] User #2 Logged in - Email: dosen@pnj.ac.id {"user_id":2,"action":"Logged in"}
[2025-12-08 10:26:27] [INFO] Booking Created {"booking_id":40,"pic":"dosen","status":"draft"}
[2025-12-08 10:26:34] [INFO] Booking Transitioned {"booking_id":40,"old_status":"draft","new_status":"cancelled","reason":"Dibatalkan oleh user"}
[2025-12-08 10:26:55] [INFO] Booking Created {"booking_id":41,"pic":"dosen","status":"draft"}
[2025-12-08 10:27:04] [INFO] Booking Transitioned {"booking_id":41,"old_status":"draft","new_status":"cancelled","reason":"Dibatalkan oleh user"}
[2025-12-08 10:32:36] [INFO] User #2 logged out - Email: dosen@pnj.ac.id {"user_id":2,"action":"logged out"}
[2025-12-08 10:32:40] [INFO] User #1 Logged in - Email: admin@pnj.ac.id {"user_id":1,"action":"Logged in"}
[2025-12-08 10:35:39] [INFO] Booking Transitioned {"booking_id":39,"old_status":"draft","new_status":"pending","reason":"Submitted by PIC for approval"}
[2025-12-08 10:44:12] [INFO] Booking Transitioned {"booking_id":39,"old_status":"pending","new_status":"verified","reason":"Approved by admin"}
[2025-12-08 10:51:34] [WARNING] Late Cancellation Penalty Applied {"user_id":3,"new_warning_level":2}
[2025-12-08 10:51:34] [INFO] Booking Transitioned {"booking_id":39,"old_status":"verified","new_status":"cancelled","reason":"Dibatalkan oleh user"}
[2025-12-08 10:52:10] [WARNING] Late Cancellation Penalty Applied {"user_id":3,"new_warning_level":3}
[2025-12-08 10:52:10] [WARNING] User Auto-Suspended {"user_id":3,"warning_level":3,"suspension_until":"2025-12-15"}
[2025-12-08 10:52:10] [INFO] Booking Transitioned {"booking_id":39,"old_status":"verified","new_status":"cancelled","reason":"Dibatalkan oleh user"}
[2025-12-08 10:55:22] [INFO] Date Unblocked {"blocked_date_id":6}
[2025-12-08 10:55:24] [WARNING] 404 Not Found {"uri":"\/js\/report-chart.js","method":"get"}
[2025-12-08 10:55:27] [WARNING] 404 Not Found {"uri":"\/js\/report-chart.js","method":"get"}
[2025-12-08 10:55:41] [WARNING] 404 Not Found {"uri":"\/js\/report-chart.js","method":"get"}
[2025-12-08 16:56:12] [WARNING] 404 Not Found {"uri":"\/favicon.ico","method":"get"}
[2025-12-08 16:58:35] [WARNING] 404 Not Found {"uri":"\/.well-known\/appspecific\/com.chrome.devtools.json","method":"get"}
[2025-12-08 17:13:30] [INFO] User #1 Logged in - Email: admin@pnj.ac.id {"user_id":1,"action":"Logged in"}
[2025-12-08 17:14:33] [WARNING] 404 Not Found {"uri":"\/kubaca_11_692904c2e0bb9_1764295874.jpg","method":"get"}
[2025-12-08 17:14:34] [WARNING] 404 Not Found {"uri":"\/kubaca","method":"get"}
[2025-12-08 17:15:16] [INFO] User #1 logged out - Email: admin@pnj.ac.id {"user_id":1,"action":"logged out"}
[2025-12-08 17:30:02] [INFO] User #42 registered - Email: testingregistrasi@stu.pnj.ac.id {"user_id":42,"action":"registered"}
[2025-12-08 17:31:33] [INFO] User #42 email verified - Status changed to: pending kubaca {"user_id":42,"action":"email verified"}
[2025-12-08 17:32:36] [INFO] User #42 Logged in - Email: testingregistrasi@stu.pnj.ac.id {"user_id":42,"action":"Logged in"}
[2025-12-08 18:02:50] [INFO] User #42 logged out - Email: testingregistrasi@stu.pnj.ac.id {"user_id":42,"action":"logged out"}
[2025-12-08 18:02:54] [INFO] User #1 Logged in - Email: admin@pnj.ac.id {"user_id":1,"action":"Logged in"}
[2025-12-08 18:32:42] [INFO] Admin approved kubaca for user {"user_id":42}
[2025-12-08 18:38:25] [INFO] User #1 logged out - Email: admin@pnj.ac.id {"user_id":1,"action":"logged out"}
[2025-12-08 18:38:33] [INFO] User #3 Logged in - Email: mahasiswa@stu.pnj.ac.id {"user_id":3,"action":"Logged in"}
[2025-12-08 18:39:47] [INFO] User #3 logged out - Email: mahasiswa@stu.pnj.ac.id {"user_id":3,"action":"logged out"}
[2025-12-08 18:39:51] [INFO] User #1 Logged in - Email: admin@pnj.ac.id {"user_id":1,"action":"Logged in"}
[2025-12-08 18:41:11] [WARNING] 404 Not Found {"uri":"\/js\/report-chart.js","method":"get"}
[2025-12-08 18:46:59] [WARNING] 404 Not Found {"uri":"\/js\/report-chart.js","method":"get"}
[2025-12-08 18:50:35] [WARNING] 404 Not Found {"uri":"\/favicon.ico","method":"get"}
[2025-12-08 18:50:40] [WARNING] 404 Not Found {"uri":"\/favicon.ico","method":"get"}
[2025-12-08 18:55:32] [INFO] Admin approved kubaca for user {"user_id":42}
[2025-12-08 18:58:07] [INFO] User #3 Logged in - Email: mahasiswa@stu.pnj.ac.id {"user_id":3,"action":"Logged in"}
[2025-12-08 19:48:34] [WARNING] 404 Not Found {"uri":"\/js\/report-chart.js","method":"get"}
[2025-12-08 19:48:36] [WARNING] 404 Not Found {"uri":"\/js\/report-chart.js","method":"get"}
[2025-12-08 20:13:21] [WARNING] 404 Not Found {"uri":"\/js\/report-chart.js","method":"get"}
[2025-12-08 20:13:38] [INFO] User #1 logged out - Email: admin@pnj.ac.id {"user_id":1,"action":"logged out"}
[2025-12-08 20:13:47] [INFO] User #3 Logged in - Email: mahasiswa@stu.pnj.ac.id {"user_id":3,"action":"Logged in"}
[2025-12-08 20:15:29] [INFO] User #3 logged out - Email: mahasiswa@stu.pnj.ac.id {"user_id":3,"action":"logged out"}
[2025-12-08 20:15:33] [INFO] User #1 Logged in - Email: admin@pnj.ac.id {"user_id":1,"action":"Logged in"}
[2025-12-08 20:20:21] [ERROR] Database Error {"error":"SQLSTATE[23000]: Integrity constraint violation: 1052 Column 'status' in where clause is ambiguous","code":"23000","uri":"\/admin\/bookings"}
[2025-12-08 20:21:34] [INFO] Booking Deleted {"booking_id":40}
[2025-12-08 20:21:34] [INFO] Booking Deleted {"booking_id":38}
[2025-12-08 20:21:35] [INFO] Booking Deleted {"booking_id":39}
[2025-12-08 20:21:36] [INFO] Booking Deleted {"booking_id":41}
[2025-12-08 20:21:37] [INFO] Booking Deleted {"booking_id":32}
[2025-12-08 20:22:08] [INFO] Booking Created {"booking_id":42,"pic":"mahasiswa","status":"draft"}
[2025-12-08 20:26:02] [INFO] Booking Deleted {"booking_id":33}
[2025-12-08 20:26:04] [INFO] Member added to booking {"booking_id":42,"member_user_id":1,"added_by":1}
[2025-12-08 20:26:38] [WARNING] 404 Not Found {"uri":"\/.well-known\/appspecific\/com.chrome.devtools.json","method":"get"}
[2025-12-08 20:26:56] [WARNING] 404 Not Found {"uri":"\/.well-known\/appspecific\/com.chrome.devtools.json","method":"get"}
[2025-12-08 20:27:05] [INFO] Member kicked from booking {"booking_id":42,"kicked_user_id":1,"kicked_by":3}
[2025-12-08 20:27:13] [INFO] User #1 logged out - Email: admin@pnj.ac.id {"user_id":1,"action":"logged out"}
[2025-12-08 20:27:19] [INFO] User #2 Logged in - Email: dosen@pnj.ac.id {"user_id":2,"action":"Logged in"}
[2025-12-08 20:27:21] [INFO] Member added to booking {"booking_id":42,"member_user_id":2,"added_by":2}
[2025-12-08 20:27:26] [INFO] Member kicked from booking {"booking_id":42,"kicked_user_id":2,"kicked_by":3}
[2025-12-08 20:27:28] [INFO] Member added to booking {"booking_id":42,"member_user_id":2,"added_by":2}
[2025-12-08 20:33:05] [WARNING] 404 Not Found {"uri":"\/.well-known\/appspecific\/com.chrome.devtools.json","method":"get"}
[2025-12-08 20:38:02] [INFO] Draft Deleted {"booking_id":42,"deleted_by":3}
[2025-12-08 20:39:18] [INFO] Booking Created {"booking_id":43,"pic":"mahasiswa","status":"draft"}
[2025-12-08 20:39:21] [INFO] Draft Deleted {"booking_id":43,"deleted_by":3}
