[2025-11-21 09:47:18] [INFO] User #1 logged in {"user_id":1,"action":"logged in"}
[2025-11-21 09:47:31] [INFO] Admin #1 deleted booking - Booking #12 deleted {"admin_id":1,"action":"deleted booking"}
[2025-11-21 09:47:32] [INFO] Admin #1 deleted booking - Booking #10 deleted {"admin_id":1,"action":"deleted booking"}
[2025-11-21 09:50:44] [WARNING] Failed to send notification email {"booking_id":13,"user_id":1}
[2025-11-21 09:50:44] [INFO] Booking #13 draft created by User #1 {"user_id":1,"booking_id":13,"room_id":8,"usage_date":"2025-11-21","time":"10:15 - 12:00","status":"draft"}
[2025-11-21 09:50:55] [INFO] User #3 logged in {"user_id":3,"action":"logged in"}
[2025-11-21 09:51:08] [WARNING] Failed to send notification email {"booking_id":14,"user_id":3}
[2025-11-21 09:51:08] [INFO] Booking #14 draft created by User #3 {"user_id":3,"booking_id":14,"room_id":8,"usage_date":"2025-11-21","time":"10:15 - 12:00","status":"draft"}
[2025-11-21 09:56:05] [INFO] Admin #1 updated booking - Booking #14 for room #8 {"admin_id":1,"action":"updated booking"}
[2025-11-21 09:56:07] [INFO] Admin #1 updated booking - Booking #13 for room #8 {"admin_id":1,"action":"updated booking"}
[2025-11-21 09:56:15] [WARNING] Failed to send booking approval email {"booking_id":14,"user_id":3}
[2025-11-21 09:56:15] [INFO] Admin #1 verified booking - Booking #14 verified {"admin_id":1,"action":"verified booking"}
[2025-11-21 09:56:20] [WARNING] Failed to send booking approval email {"booking_id":13,"user_id":1}
[2025-11-21 09:56:20] [INFO] Admin #1 verified booking - Booking #13 verified {"admin_id":1,"action":"verified booking"}
[2025-11-21 09:59:38] [INFO] Admin #1 deleted booking - Booking #14 deleted {"admin_id":1,"action":"deleted booking"}
[2025-11-21 09:59:39] [INFO] Admin #1 deleted booking - Booking #13 deleted {"admin_id":1,"action":"deleted booking"}
[2025-11-21 09:59:52] [WARNING] Failed to send notification email {"booking_id":15,"user_id":1}
[2025-11-21 09:59:52] [INFO] Booking #15 draft created by User #1 {"user_id":1,"booking_id":15,"room_id":8,"usage_date":"2025-11-21","time":"10:15 - 13:15","status":"draft"}
[2025-11-21 10:00:06] [WARNING] Failed to send notification email {"booking_id":16,"user_id":3}
[2025-11-21 10:00:06] [INFO] Booking #16 draft created by User #3 {"user_id":3,"booking_id":16,"room_id":8,"usage_date":"2025-11-21","time":"10:15 - 13:15","status":"draft"}
[2025-11-21 10:00:13] [INFO] Admin #1 updated booking - Booking #16 for room #8 {"admin_id":1,"action":"updated booking"}
[2025-11-21 10:00:14] [INFO] Admin #1 updated booking - Booking #15 for room #8 {"admin_id":1,"action":"updated booking"}
