[2025-11-16 17:14:39] [ERROR] Unhandled exception {"error":"Object of class App\\Models\\User could not be converted to string","file":"C:\\xampp\\htdocs\\PBL\\library-booking-app\\App\\Controllers\\AuthController.php","line":116}
[2025-11-16 17:16:17] [INFO] Running Seed.php
[2025-11-16 17:16:17] [INFO] Role table seeded successfully!
[2025-11-16 17:16:25] [INFO] Users table seeded successfully!
[2025-11-16 17:16:25] [INFO] Ruangan table seeded successfully!
[2025-11-16 17:16:25] [INFO] Seeder completed successfully!
[2025-11-16 17:16:53] [INFO] User #31 registered - Email: admin2@pnj.ac.id, Role: mahasiswa {"user_id":31,"action":"registered"}
[2025-11-16 17:17:04] [INFO] User #31 email verified - Status changed to: pending verification {"user_id":31,"action":"email verified"}
[2025-11-16 17:19:19] [INFO] User #32 registered - Email: admin2@pnj.ac.id, Role: mahasiswa {"user_id":32,"action":"registered"}
[2025-11-16 17:19:27] [INFO] User #32 email verified - Status changed to: pending kubaca {"user_id":32,"action":"email verified"}
[2025-11-16 17:19:37] [INFO] User #32 logged in {"user_id":32,"action":"logged in"}
[2025-11-16 17:19:42] [INFO] User #32 logged out {"user_id":32,"action":"logged out"}
[2025-11-16 17:20:08] [INFO] User #1 logged in {"user_id":1,"action":"logged in"}
[2025-11-16 17:20:09] [INFO] User #1 logged out {"user_id":1,"action":"logged out"}
[2025-11-16 17:24:33] [INFO] User #1 password reset requested - OTP sent via email {"user_id":1,"action":"password reset requested"}
[2025-11-16 17:24:41] [INFO] User #1 password reset - Password reset via email {"user_id":1,"action":"password reset"}
[2025-11-16 17:24:45] [INFO] User #1 logged in {"user_id":1,"action":"logged in"}
[2025-11-16 17:24:46] [INFO] User #1 logged out {"user_id":1,"action":"logged out"}
[2025-11-16 17:24:52] [INFO] User #1 logged in {"user_id":1,"action":"logged in"}
[2025-11-16 17:25:19] [INFO] User #1 logged out {"user_id":1,"action":"logged out"}
[2025-11-16 17:25:44] [INFO] User #1 logged in {"user_id":1,"action":"logged in"}
[2025-11-16 17:34:41] [INFO] User #1 logged out {"user_id":1,"action":"logged out"}
[2025-11-16 17:34:47] [INFO] User #32 logged in {"user_id":32,"action":"logged in"}
[2025-11-16 17:34:51] [INFO] KuBaca uploaded {"user_id":32,"filename":"kubaca_32_6919a8cb68533_1763289291.jpg"}
[2025-11-16 19:03:17] [INFO] User #32 logged out {"user_id":32,"action":"logged out"}
[2025-11-16 19:03:22] [INFO] User #32 logged in {"user_id":32,"action":"logged in"}
[2025-11-16 19:05:16] [INFO] Booking #1 draft created by User #32 {"user_id":32,"booking_id":1,"room_id":9,"usage_date":"2025-11-17","time":"09:00 - 12:00","status":"draft"}
[2025-11-16 19:06:54] [INFO] User #2 logged in {"user_id":2,"action":"logged in"}
[2025-11-16 19:07:04] [INFO] Booking #1 submitted to admin by User #32 {"user_id":32,"booking_id":1}
[2025-11-16 19:07:09] [INFO] User #32 logged out {"user_id":32,"action":"logged out"}
[2025-11-16 19:07:13] [INFO] User #1 logged in {"user_id":1,"action":"logged in"}
[2025-11-16 19:23:23] [INFO] Admin #1 verified booking - Booking #1 verified {"admin_id":1,"action":"verified booking"}
[2025-11-16 19:23:29] [WARNING] Booking Owner not found while sending approval email {"booking_id":1,"user_id":32}
[2025-11-16 19:23:29] [INFO] Admin #1 checked in booking - Booking #1 checked in with code: FE5F84 {"admin_id":1,"action":"checked in booking"}
[2025-11-16 19:23:31] [INFO] Admin #1 completed booking - Booking #1 marked as completed {"admin_id":1,"action":"completed booking"}
[2025-11-16 19:23:43] [INFO] User #1 logged out {"user_id":1,"action":"logged out"}
[2025-11-16 19:23:50] [INFO] User #32 logged in {"user_id":32,"action":"logged in"}
[2025-11-16 19:23:59] [INFO] Feedback submitted {"user_id":32,"booking_id":1,"rating":5}
[2025-11-16 19:31:14] [INFO] User #32 logged out {"user_id":32,"action":"logged out"}
[2025-11-16 19:31:21] [INFO] User #1 logged in {"user_id":1,"action":"logged in"}
[2025-11-16 20:01:44] [INFO] User #1 logged in {"user_id":1,"action":"logged in"}
[2025-11-16 20:32:14] [INFO] Admin #1 suspended user - Target: admin2@pnj.ac.id {"admin_id":1,"action":"suspended user"}
[2025-11-16 20:32:18] [INFO] Admin #1 unsuspended user - Target: admin2@pnj.ac.id {"admin_id":1,"action":"unsuspended user"}
[2025-11-16 20:32:20] [INFO] Admin #1 reset user password - Target: admin2@pnj.ac.id {"admin_id":1,"action":"reset user password"}
[2025-11-16 20:32:33] [INFO] User #1 logged out {"user_id":1,"action":"logged out"}
[2025-11-16 20:32:44] [INFO] User #32 logged in {"user_id":32,"action":"logged in"}
[2025-11-16 20:36:23] [INFO] User #32 logged out {"user_id":32,"action":"logged out"}
[2025-11-16 20:36:30] [INFO] User #1 logged in {"user_id":1,"action":"logged in"}
[2025-11-16 21:09:34] [INFO] User #1 logged out {"user_id":1,"action":"logged out"}
[2025-11-16 21:10:56] [INFO] User #32 password reset requested - OTP sent via email {"user_id":32,"action":"password reset requested"}
[2025-11-16 21:11:04] [INFO] User #32 password reset - Password reset via email {"user_id":32,"action":"password reset"}
[2025-11-16 21:11:16] [INFO] User #32 logged in {"user_id":32,"action":"logged in"}
[2025-11-16 21:12:58] [INFO] User #32 logged out {"user_id":32,"action":"logged out"}
[2025-11-16 21:13:08] [INFO] User #1 logged in {"user_id":1,"action":"logged in"}
[2025-11-16 21:24:24] [INFO] Booking #2 draft created by User #1 {"user_id":1,"booking_id":2,"room_id":10,"usage_date":"2025-11-17","time":"09:00 - 12:00","status":"draft"}
[2025-11-16 21:24:24] [ERROR] Unhandled exception {"error":"SQLSTATE[42S22]: Column not found: 1054 Unknown column 'ab.joined_at' in 'field list'","file":"C:\\xampp\\htdocs\\PBL\\library-booking-app\\App\\Models\\Booking.php","line":68}
[2025-11-16 21:24:42] [ERROR] Unhandled exception {"error":"SQLSTATE[42S22]: Column not found: 1054 Unknown column 'ab.joined_at' in 'field list'","file":"C:\\xampp\\htdocs\\PBL\\library-booking-app\\App\\Models\\Booking.php","line":68}
[2025-11-16 21:25:27] [ERROR] Unhandled exception {"error":"SQLSTATE[42S22]: Column not found: 1054 Unknown column 'ab.joined_at' in 'field list'","file":"C:\\xampp\\htdocs\\PBL\\library-booking-app\\App\\Models\\Booking.php","line":68}
[2025-11-16 21:25:31] [INFO] User #1 logged out {"user_id":1,"action":"logged out"}
[2025-11-16 21:25:40] [INFO] User #32 logged in {"user_id":32,"action":"logged in"}
[2025-11-16 21:25:51] [INFO] Booking #3 draft created by User #32 {"user_id":32,"booking_id":3,"room_id":10,"usage_date":"2025-11-17","time":"10:00 - 13:00","status":"draft"}
[2025-11-16 21:25:51] [ERROR] Unhandled exception {"error":"SQLSTATE[42S22]: Column not found: 1054 Unknown column 'ab.joined_at' in 'field list'","file":"C:\\xampp\\htdocs\\PBL\\library-booking-app\\App\\Models\\Booking.php","line":68}
[2025-11-16 21:27:23] [INFO] User #32 logged out {"user_id":32,"action":"logged out"}
[2025-11-16 21:27:29] [INFO] User #1 logged in {"user_id":1,"action":"logged in"}
[2025-11-16 21:29:34] [ERROR] Unhandled exception {"error":"App\\Core\\Controller::render(): Argument #2 ($params) must be of type array, null given, called in C:\\xampp\\htdocs\\PBL\\library-booking-app\\App\\Controllers\\AdminBookingController.php on line 52","file":"C:\\xampp\\htdocs\\PBL\\library-booking-app\\App\\Core\\Controller.php","line":17}
[2025-11-16 21:29:39] [ERROR] Unhandled exception {"error":"App\\Core\\Controller::render(): Argument #2 ($params) must be of type array, null given, called in C:\\xampp\\htdocs\\PBL\\library-booking-app\\App\\Controllers\\AdminBookingController.php on line 52","file":"C:\\xampp\\htdocs\\PBL\\library-booking-app\\App\\Core\\Controller.php","line":17}
[2025-11-16 21:40:29] [INFO] User #2 logged in {"user_id":2,"action":"logged in"}
[2025-11-16 21:40:36] [INFO] User #2 logged out {"user_id":2,"action":"logged out"}
[2025-11-16 21:40:41] [INFO] User #32 logged in {"user_id":32,"action":"logged in"}
[2025-11-16 21:40:52] [INFO] Booking #3 submitted to admin by User #32 {"user_id":32,"booking_id":3}
[2025-11-16 21:41:24] [INFO] Admin #1 cancelled booking - Booking #3 cancelled {"admin_id":1,"action":"cancelled booking"}
[2025-11-16 21:41:59] [INFO] Booking #4 draft created by User #32 {"user_id":32,"booking_id":4,"room_id":11,"usage_date":"2025-11-17","time":"13:00 - 15:00","status":"draft"}
[2025-11-16 21:42:04] [INFO] User #32 logged out {"user_id":32,"action":"logged out"}
[2025-11-16 21:42:08] [INFO] User #2 logged in {"user_id":2,"action":"logged in"}
[2025-11-16 21:46:14] [INFO] Admin #1 cancelled booking - Booking #2 cancelled {"admin_id":1,"action":"cancelled booking"}
[2025-11-16 21:57:07] [INFO] User #1 logged out {"user_id":1,"action":"logged out"}
[2025-11-16 21:57:19] [INFO] User #1 logged in {"user_id":1,"action":"logged in"}
[2025-11-16 21:59:57] [INFO] Booking #5 draft created by User #1 {"user_id":1,"booking_id":5,"room_id":10,"usage_date":"2025-11-17","time":"12:00 - 15:00","status":"draft"}
[2025-11-16 22:00:30] [INFO] Booking #5 submitted to admin by User #1 {"user_id":1,"booking_id":5}
[2025-11-16 22:00:37] [INFO] Admin #1 verified booking - Booking #5 verified {"admin_id":1,"action":"verified booking"}
[2025-11-16 22:00:45] [INFO] Admin #1 activated booking - Booking #5 activated with code E96549 {"admin_id":1,"action":"activated booking"}
[2025-11-16 22:00:58] [INFO] Admin #1 completed booking - Booking #5 marked as completed {"admin_id":1,"action":"completed booking"}
[2025-11-16 22:25:40] [INFO] User #1 logged out {"user_id":1,"action":"logged out"}
