[2025-11-10 08:26:17] [INFO] User #3 logged in {"user_id":3,"action":"logged in"}
[2025-11-10 08:26:57] [INFO] Booking #2 draft created by User #3 {"user_id":3,"booking_id":2,"room_id":5,"usage_date":"2025-11-11","time":"08:26 - 10:26"}
[2025-11-10 08:27:05] [INFO] Booking #2 member added by User #3 {"user_id":3,"booking_id":2,"member_email":"dosen@pnj.ac.id","member_id":2}
[2025-11-10 08:28:15] [INFO] Booking #3 draft created by User #3 {"user_id":3,"booking_id":3,"room_id":9,"usage_date":"2025-11-10","time":"08:28 - 10:28"}
[2025-11-10 08:28:15] [WARNING] Draft booking not found or invalid {"user_id":3,"booking_id":3,"booking_exists":"yes","booking_status":"expired"}
[2025-11-10 08:29:51] [INFO] Booking #4 draft created by User #3 {"user_id":3,"booking_id":4,"room_id":9,"usage_date":"2025-11-10","time":"08:29 - 10:29"}
[2025-11-10 08:29:51] [WARNING] Draft booking not found or invalid {"user_id":3,"booking_id":4,"booking_exists":"yes","booking_status":"expired"}
[2025-11-10 08:30:57] [INFO] Booking #5 draft created by User #3 {"user_id":3,"booking_id":5,"room_id":9,"usage_date":"2025-11-10","time":"08:20 - 10:20"}
[2025-11-10 08:30:58] [WARNING] Draft booking not found or invalid {"user_id":3,"booking_id":5,"booking_exists":"yes","booking_status":"expired"}
[2025-11-10 08:31:29] [INFO] Running Seed.php
[2025-11-10 08:31:29] [INFO] Role table seeded successfully!
[2025-11-10 08:31:30] [INFO] Users table seeded successfully!
[2025-11-10 08:31:30] [INFO] Ruangan table seeded successfully!
[2025-11-10 08:31:30] [INFO] Seeder completed successfully!
[2025-11-10 08:31:48] [INFO] Booking #1 draft created by User #3 {"user_id":3,"booking_id":1,"room_id":9,"usage_date":"2025-11-10","time":"08:20 - 10:20"}
[2025-11-10 08:31:48] [WARNING] Draft booking not found or invalid {"user_id":3,"booking_id":1,"booking_exists":"yes","booking_status":"expired"}
[2025-11-10 08:35:14] [INFO] Booking #2 draft created by User #3 {"user_id":3,"booking_id":2,"room_id":9,"usage_date":"2025-11-10","time":"08:40 - 10:20","status":"draft"}
[2025-11-10 08:43:05] [INFO] Booking #3 draft created by User #3 {"user_id":3,"booking_id":3,"room_id":9,"usage_date":"2025-11-10","time":"08:20 - 09:20","status":"draft"}
[2025-11-10 08:43:05] [WARNING] Draft booking not found or invalid {"user_id":3,"booking_id":3,"booking_exists":"yes","booking_status":"expired"}
[2025-11-10 08:44:30] [INFO] Booking #4 draft created by User #3 {"user_id":3,"booking_id":4,"room_id":9,"usage_date":"2025-11-10","time":"08:20 - 10:20","status":"draft"}
[2025-11-10 08:44:30] [WARNING] Draft booking not found or invalid {"user_id":3,"booking_id":4,"booking_exists":"yes","booking_status":"expired"}
[2025-11-10 08:49:12] [INFO] Booking #5 draft created by User #3 {"user_id":3,"booking_id":5,"room_id":9,"usage_date":"2025-11-10","time":"09:40 - 10:40","status":"draft"}
[2025-11-10 09:25:35] [INFO] Booking #6 draft created by User #3 {"user_id":3,"booking_id":6,"room_id":9,"usage_date":"2025-11-10","time":"09:25 - 12:25","status":"draft"}
[2025-11-10 09:25:35] [WARNING] Draft booking not found or invalid {"user_id":3,"booking_id":6,"booking_exists":"yes","booking_status":"expired"}
[2025-11-10 09:33:10] [INFO] Booking #7 draft created by User #3 {"user_id":3,"booking_id":7,"room_id":5,"usage_date":"2025-11-10","time":"09:34 - 10:34","status":"draft"}
[2025-11-10 09:33:45] [INFO] Booking #8 draft created by User #3 {"user_id":3,"booking_id":8,"room_id":9,"usage_date":"2025-11-10","time":"09:34 - 10:34","status":"draft"}
[2025-11-10 09:33:52] [INFO] Booking #8 member added by User #3 {"user_id":3,"booking_id":8,"member_email":"dosen@pnj.ac.id","member_id":2}
[2025-11-10 09:36:59] [INFO] Booking #9 draft created by User #3 {"user_id":3,"booking_id":9,"room_id":9,"usage_date":"2025-11-10","time":"09:37 - 10:37","status":"draft"}
[2025-11-10 10:00:28] [INFO] Booking #10 draft created by User #3 {"user_id":3,"booking_id":10,"room_id":9,"usage_date":"2025-11-10","time":"10:15 - 12:15","status":"draft"}
[2025-11-10 10:05:38] [INFO] Booking #10 member added by User #3 {"user_id":3,"booking_id":10,"member_email":"dosen@pnj.ac.id","member_id":2}
[2025-11-10 10:06:00] [INFO] Booking #10 member added by User #3 {"user_id":3,"booking_id":10,"member_email":"admin@pnj.ac.id","member_id":1}
[2025-11-10 10:07:19] [INFO] Booking #10 member added by User #3 {"user_id":3,"booking_id":10,"member_email":"adel@pnj.ac.id","member_id":4}
[2025-11-10 10:07:26] [INFO] Booking #10 member added by User #3 {"user_id":3,"booking_id":10,"member_email":"reza@pnj.ac.id","member_id":5}
[2025-11-10 10:08:30] [INFO] Booking #10 member added by User #3 {"user_id":3,"booking_id":10,"member_email":"yusuf@pnj.ac.id","member_id":6}
[2025-11-10 10:33:04] [INFO] User #3 logged in {"user_id":3,"action":"logged in"}
[2025-11-10 10:34:01] [INFO] Booking #11 draft created by User #3 {"user_id":3,"booking_id":11,"room_id":9,"usage_date":"2025-11-10","time":"10:50 - 11:50","status":"draft"}
[2025-11-10 10:34:04] [INFO] Booking #11 member added by User #3 {"user_id":3,"booking_id":11,"member_email":"dosen@pnj.ac.id","member_id":2}
[2025-11-10 10:34:07] [INFO] Booking #11 member added by User #3 {"user_id":3,"booking_id":11,"member_email":"admin@pnj.ac.id","member_id":1}
[2025-11-10 10:34:14] [INFO] Booking #11 member added by User #3 {"user_id":3,"booking_id":11,"member_email":"reza@pnj.ac.id","member_id":5}
[2025-11-10 10:34:52] [INFO] User #3 logged out {"user_id":3,"action":"logged out"}
[2025-11-10 10:35:24] [INFO] User #2 logged in {"user_id":2,"action":"logged in"}
[2025-11-10 10:36:10] [INFO] User #2 logged out {"user_id":2,"action":"logged out"}
[2025-11-10 10:36:20] [INFO] User #3 logged in {"user_id":3,"action":"logged in"}
[2025-11-10 10:37:41] [INFO] Booking #11 submitted to admin by User #3 {"user_id":3,"booking_id":11}
[2025-11-10 10:39:59] [INFO] User #3 logged out {"user_id":3,"action":"logged out"}
[2025-11-10 10:41:01] [INFO] User #1 logged in {"user_id":1,"action":"logged in"}
[2025-11-10 10:41:05] [INFO] Admin #1 verified booking - Booking #11 verified {"admin_id":1,"action":"verified booking"}
[2025-11-10 10:41:09] [INFO] Admin #1 checked in booking - Booking #11 checked in with code: BAF07000 {"admin_id":1,"action":"checked in booking"}
[2025-11-10 10:41:14] [INFO] Admin #1 completed booking - Booking #11 marked as completed {"admin_id":1,"action":"completed booking"}
[2025-11-10 10:41:16] [INFO] User #1 logged out {"user_id":1,"action":"logged out"}
[2025-11-10 10:41:27] [INFO] User #3 logged in {"user_id":3,"action":"logged in"}
[2025-11-10 10:41:34] [INFO] Feedback submitted {"user_id":3,"booking_id":11,"rating":5}
[2025-11-10 10:42:13] [INFO] Booking #12 draft created by User #3 {"user_id":3,"booking_id":12,"room_id":9,"usage_date":"2025-11-10","time":"10:57 - 11:57","status":"draft"}
[2025-11-10 10:42:16] [INFO] Booking #12 member added by User #3 {"user_id":3,"booking_id":12,"member_email":"dosen@pnj.ac.id","member_id":2}
[2025-11-10 10:42:18] [INFO] Booking #12 submitted to admin by User #3 {"user_id":3,"booking_id":12}
[2025-11-10 10:42:20] [INFO] User #3 logged out {"user_id":3,"action":"logged out"}
[2025-11-10 10:42:30] [INFO] User #1 logged in {"user_id":1,"action":"logged in"}
[2025-11-10 10:42:47] [INFO] Admin #1 verified booking - Booking #12 verified {"admin_id":1,"action":"verified booking"}
[2025-11-10 10:44:19] [INFO] User #1 logged out {"user_id":1,"action":"logged out"}
[2025-11-10 10:44:36] [INFO] User #3 logged in {"user_id":3,"action":"logged in"}
[2025-11-10 10:44:55] [INFO] Booking #13 draft created by User #3 {"user_id":3,"booking_id":13,"room_id":9,"usage_date":"2025-11-10","time":"11:00 - 14:00","status":"draft"}
[2025-11-10 10:45:04] [INFO] Booking #13 member added by User #3 {"user_id":3,"booking_id":13,"member_email":"dosen@pnj.ac.id","member_id":2}
[2025-11-10 10:45:16] [INFO] Booking #13 submitted to admin by User #3 {"user_id":3,"booking_id":13}
[2025-11-10 10:45:17] [INFO] User #3 logged out {"user_id":3,"action":"logged out"}
[2025-11-10 10:45:26] [INFO] User #1 logged in {"user_id":1,"action":"logged in"}
[2025-11-10 10:45:34] [INFO] Admin #1 verified booking - Booking #13 verified {"admin_id":1,"action":"verified booking"}
[2025-11-10 10:45:47] [INFO] Admin #1 checked in booking - Booking #13 checked in with code: 03612E0F {"admin_id":1,"action":"checked in booking"}
[2025-11-10 10:47:47] [INFO] Admin #1 completed booking - Booking #13 marked as completed {"admin_id":1,"action":"completed booking"}
[2025-11-10 10:47:52] [INFO] User #1 logged out {"user_id":1,"action":"logged out"}
[2025-11-10 10:48:01] [INFO] User #3 logged in {"user_id":3,"action":"logged in"}
[2025-11-10 10:51:48] [INFO] Feedback submitted {"user_id":3,"booking_id":13,"rating":5}
[2025-11-10 11:06:58] [INFO] Booking #14 draft created by User #3 {"user_id":3,"booking_id":14,"room_id":9,"usage_date":"2025-11-10","time":"12:00 - 14:00","status":"draft"}
[2025-11-10 11:09:52] [INFO] Booking #14 member added by User #3 {"user_id":3,"booking_id":14,"member_email":"dosen@pnj.ac.id","member_id":2}
[2025-11-10 11:09:55] [INFO] Booking #14 submitted to admin by User #3 {"user_id":3,"booking_id":14}
[2025-11-10 11:09:59] [INFO] User #3 logged out {"user_id":3,"action":"logged out"}
[2025-11-10 11:10:20] [INFO] User #1 logged in {"user_id":1,"action":"logged in"}
[2025-11-10 11:10:30] [INFO] Admin #1 verified booking - Booking #14 verified {"admin_id":1,"action":"verified booking"}
[2025-11-10 11:11:24] [ERROR] Unhandled exception {"error":"syntax error, unexpected token \";\", expecting \")\"","file":"C:\\xampp\\htdocs\\PBL\\library-booking-app\\App\\Controllers\\AdminBookingController.php","line":103}
[2025-11-10 11:11:39] [INFO] User #1 logged out {"user_id":1,"action":"logged out"}
[2025-11-10 11:11:50] [INFO] User #3 logged in {"user_id":3,"action":"logged in"}
[2025-11-10 11:18:48] [INFO] Booking #15 draft created by User #3 {"user_id":3,"booking_id":15,"room_id":9,"usage_date":"2025-11-10","time":"12:00 - 14:00","status":"draft"}
[2025-11-10 11:32:52] [ERROR] Unhandled exception {"error":"Cannot access offset of type string on string","file":"C:\\xampp\\htdocs\\PBL\\library-booking-app\\App\\Controllers\\UserBookingController.php","line":118}
[2025-11-10 11:34:58] [INFO] Booking #17 draft created by User #3 {"user_id":3,"booking_id":17,"room_id":9,"usage_date":"2025-11-10","time":"12:00 - 14:00","status":"draft"}
[2025-11-10 11:37:33] [INFO] Booking #18 draft created by User #3 {"user_id":3,"booking_id":18,"room_id":9,"usage_date":"2025-11-10","time":"12:00 - 14:00","status":"draft"}
[2025-11-10 11:40:03] [INFO] Booking #19 draft created by User #3 {"user_id":3,"booking_id":19,"room_id":9,"usage_date":"2025-11-10","time":"12:00 - 14:00","status":"draft"}
[2025-11-10 11:41:58] [INFO] Booking #20 draft created by User #3 {"user_id":3,"booking_id":20,"room_id":9,"usage_date":"2025-11-10","time":"12:00 - 14:00","status":"draft"}
[2025-11-10 11:42:14] [INFO] User #3 logged out {"user_id":3,"action":"logged out"}
[2025-11-10 11:42:32] [INFO] User #3 logged in {"user_id":3,"action":"logged in"}
[2025-11-10 11:42:53] [INFO] Booking #21 draft created by User #3 {"user_id":3,"booking_id":21,"room_id":9,"usage_date":"2025-11-10","time":"12:00 - 15:00","status":"draft"}
[2025-11-10 12:06:45] [INFO] Booking #22 draft created by User #3 {"user_id":3,"booking_id":22,"room_id":9,"usage_date":"2025-11-10","time":"20:00 - 23:00","status":"draft"}
[2025-11-10 12:06:48] [INFO] Booking #22 member added by User #3 {"user_id":3,"booking_id":22,"member_email":"dosen@pnj.ac.id","member_id":2}
[2025-11-10 12:16:28] [ERROR] Unhandled exception {"error":"syntax error, unexpected identifier \"App\"","file":"C:\\xampp\\htdocs\\PBL\\library-booking-app\\App\\Controllers\\UserBookingController.php","line":311}
[2025-11-10 12:34:26] [INFO] User #3 logged in {"user_id":3,"action":"logged in"}
[2025-11-10 12:36:22] [INFO] User #3 logged out {"user_id":3,"action":"logged out"}
[2025-11-10 12:36:32] [INFO] User #2 logged in {"user_id":2,"action":"logged in"}
[2025-11-10 12:36:49] [INFO] User #2 logged out {"user_id":2,"action":"logged out"}
[2025-11-10 12:41:23] [INFO] User #3 logged in {"user_id":3,"action":"logged in"}
[2025-11-10 12:41:44] [INFO] Booking #22 submitted to admin by User #3 {"user_id":3,"booking_id":22}
[2025-11-10 12:43:53] [INFO] User #3 logged out {"user_id":3,"action":"logged out"}
[2025-11-10 12:43:56] [INFO] User #1 logged in {"user_id":1,"action":"logged in"}
[2025-11-10 12:45:15] [INFO] User #1 logged out {"user_id":1,"action":"logged out"}
[2025-11-10 12:45:21] [INFO] User #3 logged in {"user_id":3,"action":"logged in"}
[2025-11-10 12:45:37] [INFO] Booking #23 draft created by User #3 {"user_id":3,"booking_id":23,"room_id":9,"usage_date":"2025-11-10","time":"20:00 - 23:00","status":"draft"}
[2025-11-10 12:55:23] [INFO] User #3 logged out {"user_id":3,"action":"logged out"}
[2025-11-10 12:55:29] [INFO] User #2 logged in {"user_id":2,"action":"logged in"}
[2025-11-10 12:55:37] [INFO] User #2 logged out {"user_id":2,"action":"logged out"}
[2025-11-10 12:55:41] [INFO] User #3 logged in {"user_id":3,"action":"logged in"}
[2025-11-10 12:55:49] [INFO] Booking #23 submitted to admin by User #3 {"user_id":3,"booking_id":23}
[2025-11-10 12:57:05] [INFO] Booking #24 draft created by User #3 {"user_id":3,"booking_id":24,"room_id":9,"usage_date":"2025-11-10","time":"20:00 - 23:00","status":"draft"}
[2025-11-10 12:57:39] [INFO] User #3 logged out {"user_id":3,"action":"logged out"}
[2025-11-10 12:57:44] [INFO] User #2 logged in {"user_id":2,"action":"logged in"}
[2025-11-10 12:57:57] [INFO] User #2 logged out {"user_id":2,"action":"logged out"}
[2025-11-10 12:58:00] [INFO] User #3 logged in {"user_id":3,"action":"logged in"}
[2025-11-10 12:58:05] [INFO] Booking #24 submitted to admin by User #3 {"user_id":3,"booking_id":24}
[2025-11-10 12:58:47] [INFO] User #3 logged out {"user_id":3,"action":"logged out"}
[2025-11-10 12:58:54] [INFO] User #1 logged in {"user_id":1,"action":"logged in"}
[2025-11-10 13:00:49] [INFO] Booking #25 draft created by User #1 {"user_id":1,"booking_id":25,"room_id":9,"usage_date":"2025-11-10","time":"20:00 - 23:00","status":"draft"}
[2025-11-10 13:03:21] [INFO] Admin #1 verified booking - Booking #24 verified {"admin_id":1,"action":"verified booking"}
[2025-11-10 13:06:33] [INFO] User #1 logged out {"user_id":1,"action":"logged out"}
[2025-11-10 13:06:37] [INFO] User #3 logged in {"user_id":3,"action":"logged in"}
[2025-11-10 13:06:57] [INFO] User #3 logged out {"user_id":3,"action":"logged out"}
[2025-11-10 13:07:05] [INFO] User #1 logged in {"user_id":1,"action":"logged in"}
[2025-11-10 13:08:30] [INFO] Admin #1 checked in booking - Booking #24 checked in with code: A9264F {"admin_id":1,"action":"checked in booking"}
[2025-11-10 13:08:34] [INFO] Admin #1 completed booking - Booking #24 marked as completed {"admin_id":1,"action":"completed booking"}
[2025-11-10 13:33:35] [INFO] User #1 logged out {"user_id":1,"action":"logged out"}
[2025-11-10 13:34:11] [INFO] User #3 logged in {"user_id":3,"action":"logged in"}
[2025-11-10 13:34:44] [INFO] Feedback submitted {"user_id":3,"booking_id":24,"rating":4}
[2025-11-10 13:36:15] [INFO] Booking #26 draft created by User #3 {"user_id":3,"booking_id":26,"room_id":9,"usage_date":"2025-11-11","time":"13:00 - 14:00","status":"draft"}
[2025-11-10 13:37:26] [INFO] User #2 logged in {"user_id":2,"action":"logged in"}
[2025-11-10 13:38:09] [INFO] Booking #26 submitted to admin by User #3 {"user_id":3,"booking_id":26}
[2025-11-10 13:38:38] [INFO] User #2 logged out {"user_id":2,"action":"logged out"}
[2025-11-10 13:38:42] [INFO] User #1 logged in {"user_id":1,"action":"logged in"}
[2025-11-10 13:38:50] [INFO] Admin #1 verified booking - Booking #26 verified {"admin_id":1,"action":"verified booking"}
[2025-11-10 13:39:27] [WARNING] Booking Owner not found while sending approval email {"booking_id":26,"user_id":3}
[2025-11-10 13:39:27] [INFO] Admin #1 checked in booking - Booking #26 checked in with code: DB0F73 {"admin_id":1,"action":"checked in booking"}
[2025-11-10 13:39:51] [WARNING] Booking Owner not found while sending approval email {"booking_id":26,"user_id":3}
[2025-11-10 13:39:51] [INFO] Admin #1 completed booking - Booking #26 marked as completed {"admin_id":1,"action":"completed booking"}
[2025-11-10 14:16:59] [INFO] User #3 logged in {"user_id":3,"action":"logged in"}
[2025-11-10 14:17:33] [INFO] User #3 logged out {"user_id":3,"action":"logged out"}
[2025-11-10 14:17:40] [INFO] User #2 logged in {"user_id":2,"action":"logged in"}
[2025-11-10 14:50:06] [INFO] User #2 logged out {"user_id":2,"action":"logged out"}
[2025-11-10 14:50:34] [INFO] User #3 logged in {"user_id":3,"action":"logged in"}
[2025-11-10 14:51:05] [INFO] Feedback submitted {"user_id":3,"booking_id":26,"rating":1}
[2025-11-10 14:54:59] [INFO] User #3 logged out {"user_id":3,"action":"logged out"}
[2025-11-10 14:55:51] [INFO] User #2 logged in {"user_id":2,"action":"logged in"}
[2025-11-10 14:57:23] [INFO] User #2 logged out {"user_id":2,"action":"logged out"}
[2025-11-10 14:57:34] [INFO] User #3 logged in {"user_id":3,"action":"logged in"}
[2025-11-10 15:00:00] [INFO] User #3 logged out {"user_id":3,"action":"logged out"}
[2025-11-10 15:00:53] [INFO] User #3 logged in {"user_id":3,"action":"logged in"}
[2025-11-10 15:00:57] [INFO] User #3 logged out {"user_id":3,"action":"logged out"}
[2025-11-10 15:01:16] [INFO] User #3 logged in {"user_id":3,"action":"logged in"}
[2025-11-10 15:03:29] [INFO] Booking #27 draft created by User #3 {"user_id":3,"booking_id":27,"room_id":8,"usage_date":"2025-11-14","time":"10:00 - 12:03","status":"draft"}
[2025-11-10 15:07:47] [INFO] User #3 logged out {"user_id":3,"action":"logged out"}
[2025-11-10 15:07:54] [INFO] User #1 logged in {"user_id":1,"action":"logged in"}
[2025-11-10 15:08:52] [INFO] User #1 logged out {"user_id":1,"action":"logged out"}
[2025-11-10 15:08:59] [INFO] User #3 logged in {"user_id":3,"action":"logged in"}
[2025-11-10 15:43:28] [INFO] User #7 registered - Email: adelio.rais.fikri.tik24@stu.pnj.ac.id, Role: mahasiswa {"user_id":7,"action":"registered"}
[2025-11-10 15:43:55] [INFO] User #7 email verified - Status changed to: verified {"user_id":7,"action":"email verified"}
[2025-11-10 15:44:12] [INFO] User #7 logged in {"user_id":7,"action":"logged in"}
[2025-11-10 15:45:40] [INFO] KuBaca image uploaded {"user_id":7,"filename":"kubaca_7_1762764340.jpg"}
[2025-11-10 15:48:42] [INFO] Booking #28 draft created by User #7 {"user_id":7,"booking_id":28,"room_id":9,"usage_date":"2025-11-12","time":"12:00 - 13:00","status":"draft"}
[2025-11-10 15:51:01] [INFO] User #3 logged in {"user_id":3,"action":"logged in"}
[2025-11-10 15:51:50] [INFO] Booking #28 submitted to admin by User #7 {"user_id":7,"booking_id":28}
[2025-11-10 15:51:58] [INFO] User #3 logged out {"user_id":3,"action":"logged out"}
[2025-11-10 15:52:04] [INFO] User #1 logged in {"user_id":1,"action":"logged in"}
[2025-11-10 15:52:18] [INFO] Admin #1 verified booking - Booking #28 verified {"admin_id":1,"action":"verified booking"}
[2025-11-10 15:52:44] [WARNING] Booking Owner not found while sending approval email {"booking_id":28,"user_id":7}
[2025-11-10 15:52:44] [INFO] Admin #1 checked in booking - Booking #28 checked in with code: 2F0084 {"admin_id":1,"action":"checked in booking"}
[2025-11-10 15:53:25] [WARNING] Booking Owner not found while sending approval email {"booking_id":28,"user_id":7}
[2025-11-10 15:53:25] [INFO] Admin #1 completed booking - Booking #28 marked as completed {"admin_id":1,"action":"completed booking"}
[2025-11-10 15:54:08] [INFO] Feedback submitted {"user_id":7,"booking_id":28,"rating":4}
