[2025-11-17 07:31:56] [INFO] User #1 logged in {"user_id":1,"action":"logged in"}
[2025-11-17 08:32:09] [ERROR] Unhandled exception {"error":"Cannot use object of type App\\Models\\Booking as array","file":"C:\\xampp\\htdocs\\PBL\\library-booking-app\\App\\Views\\Admin\\Bookings\\index.php","line":54}
[2025-11-17 08:32:21] [ERROR] Unhandled exception {"error":"Cannot use object of type App\\Models\\Booking as array","file":"C:\\xampp\\htdocs\\PBL\\library-booking-app\\App\\Views\\Admin\\Bookings\\index.php","line":54}
[2025-11-17 08:32:29] [ERROR] Unhandled exception {"error":"Cannot use object of type App\\Models\\Booking as array","file":"C:\\xampp\\htdocs\\PBL\\library-booking-app\\App\\Views\\Admin\\Bookings\\index.php","line":54}
[2025-11-17 08:32:52] [ERROR] Unhandled exception {"error":"Cannot use object of type App\\Models\\Booking as array","file":"C:\\xampp\\htdocs\\PBL\\library-booking-app\\App\\Views\\Admin\\Bookings\\index.php","line":54}
[2025-11-17 09:33:13] [INFO] User #1 logged out {"user_id":1,"action":"logged out"}
[2025-11-17 09:33:37] [INFO] User #33 registered - Email: lalala@pnj.ac.id, Role: dosen {"user_id":33,"action":"registered"}
[2025-11-17 09:33:49] [INFO] User #33 email verified - Status changed to: active {"user_id":33,"action":"email verified"}
[2025-11-17 09:34:05] [INFO] User #33 logged in {"user_id":33,"action":"logged in"}
[2025-11-17 10:11:10] [INFO] Booking #4 expired by User #32 {"user_id":32,"booking_id":4,"reason":"Belum memenuhi jumlah anggota minimum"}
[2025-11-17 10:15:29] [INFO] User #33 logged out {"user_id":33,"action":"logged out"}
[2025-11-17 10:15:36] [INFO] User #1 logged in {"user_id":1,"action":"logged in"}
[2025-11-17 10:35:59] [INFO] User #1 logged in {"user_id":1,"action":"logged in"}
[2025-11-17 10:37:27] [INFO] User #1 logged out {"user_id":1,"action":"logged out"}
[2025-11-17 10:37:34] [INFO] User #2 logged in {"user_id":2,"action":"logged in"}
[2025-11-17 10:37:52] [INFO] User #2 logged out {"user_id":2,"action":"logged out"}
[2025-11-17 10:37:57] [INFO] User #3 logged in {"user_id":3,"action":"logged in"}
[2025-11-17 10:38:19] [INFO] User #3 logged out {"user_id":3,"action":"logged out"}
[2025-11-17 10:38:22] [INFO] User #1 logged in {"user_id":1,"action":"logged in"}
[2025-11-17 11:20:52] [ERROR] Unhandled exception {"error":"Cannot use object of type App\\Models\\Booking as array","file":"C:\\xampp\\htdocs\\PBL\\library-booking-app\\App\\Views\\Admin\\Bookings\\index.php","line":54}
[2025-11-17 11:59:54] [INFO] Admin #1 suspended user - Target: lalala@pnj.ac.id {"admin_id":1,"action":"suspended user"}
[2025-11-17 12:31:40] [INFO] User #1 logged out {"user_id":1,"action":"logged out"}
[2025-11-17 12:31:51] [INFO] User #1 logged in {"user_id":1,"action":"logged in"}
[2025-11-17 12:33:53] [INFO] User #1 logged out {"user_id":1,"action":"logged out"}
[2025-11-17 12:34:00] [INFO] User #3 logged in {"user_id":3,"action":"logged in"}
[2025-11-17 12:34:18] [INFO] Booking #6 draft created by User #3 {"user_id":3,"booking_id":6,"room_id":8,"usage_date":"2025-11-18","time":"12:00 - 15:00","status":"draft"}
[2025-11-17 12:34:53] [INFO] User #3 logged out {"user_id":3,"action":"logged out"}
[2025-11-17 12:34:56] [INFO] User #1 logged in {"user_id":1,"action":"logged in"}
[2025-11-17 12:35:46] [INFO] Admin #1 cancelled booking - Booking #6 cancelled {"admin_id":1,"action":"cancelled booking"}
[2025-11-17 13:32:44] [INFO] User #1 logged in {"user_id":1,"action":"logged in"}
[2025-11-17 13:43:06] [INFO] User #1 logged out {"user_id":1,"action":"logged out"}
[2025-11-17 13:43:17] [INFO] User #1 logged in {"user_id":1,"action":"logged in"}
[2025-11-17 14:51:00] [ERROR] Unhandled exception {"error":"SQLSTATE[42000]: Syntax error or access violation: 1064 You have an error in your SQL syntax; check the manual that corresponds to your MariaDB server version for the right syntax to use near ') ORDER by booking.id_booking DESC LIMIT 20 OFFSET 0' at line 14","file":"C:\\xampp\\htdocs\\PBL\\library-booking-app\\App\\Models\\Booking.php","line":134}
[2025-11-17 14:52:39] [ERROR] Unhandled exception {"error":"SQLSTATE[42000]: Syntax error or access violation: 1064 You have an error in your SQL syntax; check the manual that corresponds to your MariaDB server version for the right syntax to use near ') AND booking.status = 'draft' ORDER by booking.id_booking DESC LIMIT 20 OFFS...' at line 14","file":"C:\\xampp\\htdocs\\PBL\\library-booking-app\\App\\Models\\Booking.php","line":134}
[2025-11-17 14:52:48] [ERROR] Unhandled exception {"error":"SQLSTATE[42000]: Syntax error or access violation: 1064 You have an error in your SQL syntax; check the manual that corresponds to your MariaDB server version for the right syntax to use near ') ORDER by booking.id_booking DESC LIMIT 20 OFFSET 0' at line 14","file":"C:\\xampp\\htdocs\\PBL\\library-booking-app\\App\\Models\\Booking.php","line":134}
