[2025-11-24 08:14:27] [INFO] User #1 logged in {"user_id":1,"action":"logged in"}
[2025-11-24 09:51:40] [ERROR] Unhandled exception {"error":"Class name must be a valid object or a string","file":"C:\\xampp\\htdocs\\PBL\\library-booking-app\\App\\Core\\Router.php","line":124}
[2025-11-24 09:53:07] [ERROR] Unhandled exception {"error":"App\\Core\\Controller::registerMiddleware(): Argument #1 ($middleware) must be of type App\\Core\\Middleware, App\\Core\\Middleware\\AuthMiddleware given, called in C:\\xampp\\htdocs\\PBL\\library-booking-app\\App\\Controllers\\UserDashboardController.php on line 17","file":"C:\\xampp\\htdocs\\PBL\\library-booking-app\\App\\Core\\Controller.php","line":22}
[2025-11-24 09:55:34] [INFO] User #1 logged out {"user_id":1,"action":"logged out"}
[2025-11-24 09:55:39] [ERROR] Unhandled exception {"error":"App\\Core\\Services\\UserDashboardService::computeWarnings(): Argument #1 ($user) must be of type App\\Models\\User, null given, called in C:\\xampp\\htdocs\\PBL\\library-booking-app\\App\\Controllers\\UserDashboardController.php on line 31","file":"C:\\xampp\\htdocs\\PBL\\library-booking-app\\App\\Core\\Services\\UserDashboardService.php","line":93}
[2025-11-24 09:55:51] [ERROR] Unhandled exception {"error":"You must be logged in","file":"C:\\xampp\\htdocs\\PBL\\library-booking-app\\App\\Core\\Middleware\\AuthMiddleware.php","line":15}
[2025-11-24 09:56:00] [ERROR] Unhandled exception {"error":"You must be logged in","file":"C:\\xampp\\htdocs\\PBL\\library-booking-app\\App\\Core\\Middleware\\AuthMiddleware.php","line":15}
[2025-11-24 09:57:47] [ERROR] Unhandled exception {"error":"You must be logged in","file":"C:\\xampp\\htdocs\\PBL\\library-booking-app\\App\\Core\\Middleware\\AuthMiddleware.php","line":15}
[2025-11-24 09:57:54] [ERROR] Unhandled exception {"error":"You must be logged in","file":"C:\\xampp\\htdocs\\PBL\\library-booking-app\\App\\Core\\Middleware\\AuthMiddleware.php","line":15}
[2025-11-24 09:57:57] [ERROR] Unhandled exception {"error":"You must be logged in","file":"C:\\xampp\\htdocs\\PBL\\library-booking-app\\App\\Core\\Middleware\\AuthMiddleware.php","line":15}
[2025-11-24 09:58:00] [ERROR] Unhandled exception {"error":"You must be logged in","file":"C:\\xampp\\htdocs\\PBL\\library-booking-app\\App\\Core\\Middleware\\AuthMiddleware.php","line":15}
[2025-11-24 09:58:07] [ERROR] Unhandled exception {"error":"You must be logged in","file":"C:\\xampp\\htdocs\\PBL\\library-booking-app\\App\\Core\\Middleware\\AuthMiddleware.php","line":15}
[2025-11-24 09:58:13] [ERROR] Unhandled exception {"error":"App\\Core\\Services\\UserDashboardService::computeWarnings(): Argument #1 ($user) must be of type App\\Models\\User, null given, called in C:\\xampp\\htdocs\\PBL\\library-booking-app\\App\\Controllers\\UserDashboardController.php on line 31","file":"C:\\xampp\\htdocs\\PBL\\library-booking-app\\App\\Core\\Services\\UserDashboardService.php","line":93}
[2025-11-24 09:58:26] [ERROR] Unhandled exception {"error":"You must be logged in","file":"C:\\xampp\\htdocs\\PBL\\library-booking-app\\App\\Core\\Middleware\\AuthMiddleware.php","line":15}
[2025-11-24 10:22:52] [ERROR] Unhandled exception {"error":"You must be logged in","file":"C:\\xampp\\htdocs\\PBL\\library-booking-app\\App\\Core\\Middleware\\AuthMiddleware.php","line":15}
[2025-11-24 10:23:00] [INFO] User #1 logged in {"user_id":1,"action":"logged in"}
[2025-11-24 10:26:05] [INFO] User #1 logged out {"user_id":1,"action":"logged out"}
[2025-11-24 10:26:10] [INFO] User #3 logged in {"user_id":3,"action":"logged in"}
[2025-11-24 10:27:39] [INFO] User #3 logged out {"user_id":3,"action":"logged out"}
[2025-11-24 10:27:47] [ERROR] Unhandled exception {"error":"You must be logged in","file":"C:\\xampp\\htdocs\\PBL\\library-booking-app\\App\\Core\\Middleware\\AuthMiddleware.php","line":15}
[2025-11-24 10:28:50] [ERROR] Unhandled exception {"error":"You must be logged in","file":"C:\\xampp\\htdocs\\PBL\\library-booking-app\\App\\Core\\Middleware\\AuthMiddleware.php","line":15}
[2025-11-24 10:28:50] [ERROR] Unhandled exception {"error":"You must be logged in","file":"C:\\xampp\\htdocs\\PBL\\library-booking-app\\App\\Core\\Middleware\\AuthMiddleware.php","line":15}
[2025-11-24 10:29:00] [INFO] User #3 logged in {"user_id":3,"action":"logged in"}
[2025-11-24 10:36:16] [INFO] User #3 logged out {"user_id":3,"action":"logged out"}
[2025-11-24 10:36:21] [INFO] User #1 logged in {"user_id":1,"action":"logged in"}
[2025-11-24 10:37:51] [INFO] User #1 logged out {"user_id":1,"action":"logged out"}
[2025-11-24 10:43:35] [ERROR] Unhandled exception {"error":"Object of class App\\Core\\Route could not be converted to string","file":"C:\\xampp\\htdocs\\PBL\\library-booking-app\\App\\Core\\Router.php","line":67}
[2025-11-24 10:43:45] [ERROR] Unhandled exception {"error":"Cannot access protected property App\\Core\\Route::$path","file":"C:\\xampp\\htdocs\\PBL\\library-booking-app\\App\\Core\\Router.php","line":67}
[2025-11-24 10:44:27] [ERROR] Unhandled exception {"error":"Cannot access protected property App\\Core\\Route::$path","file":"C:\\xampp\\htdocs\\PBL\\library-booking-app\\App\\Core\\Router.php","line":67}
[2025-11-24 10:44:59] [INFO] User #1 logged in {"user_id":1,"action":"logged in"}
[2025-11-24 10:47:37] [INFO] User #1 logged out {"user_id":1,"action":"logged out"}
[2025-11-24 10:47:49] [INFO] User #3 logged in {"user_id":3,"action":"logged in"}
[2025-11-24 10:49:20] [INFO] User #3 logged out {"user_id":3,"action":"logged out"}
[2025-11-24 10:55:19] [INFO] User #1 logged in {"user_id":1,"action":"logged in"}
[2025-11-24 10:55:23] [INFO] User #1 logged out {"user_id":1,"action":"logged out"}
[2025-11-24 10:55:28] [INFO] User #3 logged in {"user_id":3,"action":"logged in"}
[2025-11-24 10:58:51] [INFO] User #3 logged out {"user_id":3,"action":"logged out"}
[2025-11-24 10:58:55] [INFO] User #1 logged in {"user_id":1,"action":"logged in"}
[2025-11-24 10:58:57] [INFO] User #1 logged out {"user_id":1,"action":"logged out"}
[2025-11-24 11:01:06] [INFO] User #1 logged in {"user_id":1,"action":"logged in"}
[2025-11-24 11:01:09] [INFO] User #1 logged out {"user_id":1,"action":"logged out"}
[2025-11-24 11:32:41] [INFO] User #1 logged in {"user_id":1,"action":"logged in"}
[2025-11-24 11:38:44] [ERROR] Unhandled exception {"error":"App\\Core\\Router::resolve(): Return value must be of type string, null returned","file":"C:\\xampp\\htdocs\\PBL\\library-booking-app\\App\\Core\\Router.php","line":62}
[2025-11-24 11:39:46] [INFO] User #1 logged out {"user_id":1,"action":"logged out"}
[2025-11-24 11:39:56] [ERROR] Unhandled exception {"error":"App\\Core\\Router::resolve(): Return value must be of type string, null returned","file":"C:\\xampp\\htdocs\\PBL\\library-booking-app\\App\\Core\\Router.php","line":62}
[2025-11-24 11:43:23] [INFO] User #1 logged in {"user_id":1,"action":"logged in"}
[2025-11-24 11:57:48] [INFO] User #1 logged out {"user_id":1,"action":"logged out"}
[2025-11-24 11:58:31] [INFO] User #1 logged in {"user_id":1,"action":"logged in"}
[2025-11-24 12:05:32] [INFO] User #1 logged out {"user_id":1,"action":"logged out"}
[2025-11-24 12:05:36] [INFO] User #3 logged in {"user_id":3,"action":"logged in"}
[2025-11-24 12:14:25] [INFO] User #3 logged out {"user_id":3,"action":"logged out"}
[2025-11-24 12:14:29] [INFO] User #1 logged in {"user_id":1,"action":"logged in"}
[2025-11-24 12:14:48] [INFO] Admin #1 deleted booking - Booking #16 deleted {"admin_id":1,"action":"deleted booking"}
[2025-11-24 12:14:50] [INFO] Admin #1 deleted booking - Booking #15 deleted {"admin_id":1,"action":"deleted booking"}
[2025-11-24 12:14:51] [INFO] User #1 logged out {"user_id":1,"action":"logged out"}
[2025-11-24 12:14:55] [INFO] User #3 logged in {"user_id":3,"action":"logged in"}
[2025-11-24 12:15:23] [WARNING] Failed to send notification email {"booking_id":17,"user_id":3}
[2025-11-24 12:15:23] [INFO] Booking #17 draft created by User #3 {"user_id":3,"booking_id":17,"room_id":8,"usage_date":"2025-11-24","time":"12:30 - 15:30","status":"draft"}
[2025-11-24 12:15:30] [INFO] User #3 logged out {"user_id":3,"action":"logged out"}
[2025-11-24 12:15:44] [INFO] User #1 logged in {"user_id":1,"action":"logged in"}
