[2025-11-13 19:01:02] [INFO] User #1 logged in {"user_id":1,"action":"logged in"}
[2025-11-13 19:43:29] [ERROR] Unhandled exception {"error":"Cannot use object of type App\\Models\\User as array","file":"C:\\xampp\\htdocs\\PBL\\library-booking-app\\App\\Views\\Layouts\\main.php","line":143}
[2025-11-13 20:02:17] [ERROR] Unhandled exception {"error":"syntax error, unexpected token \"&&\"","file":"C:\\xampp\\htdocs\\PBL\\library-booking-app\\App\\Views\\Admin\\Users\\Index.php","line":259}
[2025-11-13 20:15:00] [INFO] Running Seed.php
[2025-11-13 20:15:00] [INFO] Role table seeded successfully!
[2025-11-13 20:15:09] [INFO] Users table seeded successfully!
[2025-11-13 20:15:09] [INFO] Ruangan table seeded successfully!
[2025-11-13 20:15:09] [INFO] Seeder completed successfully!
[2025-11-13 20:30:26] [INFO] User #1 logged out {"user_id":1,"action":"logged out"}
[2025-11-13 20:30:32] [INFO] User #3 logged in {"user_id":3,"action":"logged in"}
[2025-11-13 20:36:28] [INFO] KuBaca image uploaded {"user_id":3,"filename":"kubaca_3_1763040988.jpg"}
[2025-11-13 20:41:26] [INFO] KuBaca image uploaded {"user_id":3,"filename":"kubaca_3_1763041286.jpg"}
[2025-11-13 20:42:05] [INFO] KuBaca image uploaded {"user_id":3,"filename":"kubaca_3_1763041325.jpg"}
[2025-11-13 20:42:18] [INFO] KuBaca image uploaded {"user_id":3,"filename":"kubaca_3_1763041338.jpg"}
[2025-11-13 20:46:13] [INFO] KuBaca image uploaded {"user_id":3,"filename":"kubaca_3_1763041572.jpg"}
[2025-11-13 20:49:32] [INFO] KuBaca image uploaded {"user_id":3,"filename":"kubaca_3_1763041772.jpg"}
[2025-11-13 20:50:46] [INFO] KuBaca image uploaded {"user_id":3,"filename":"kubaca_3_1763041846.jpg","new_status":"pending kubaca"}
[2025-11-13 20:58:23] [INFO] User #3 logged out {"user_id":3,"action":"logged out"}
[2025-11-13 20:58:53] [INFO] User #31 registered - Email: mohammad.rizki.syahputra.tik24@stu.pnj.ac.id, Role: mahasiswa {"user_id":31,"action":"registered"}
[2025-11-13 20:59:03] [INFO] User #31 email verified - Status changed to: pending kubaca {"user_id":31,"action":"email verified"}
[2025-11-13 21:02:15] [INFO] User #31 logged in {"user_id":31,"action":"logged in"}
[2025-11-13 21:25:51] [ERROR] Unhandled exception {"error":"syntax error, unexpected end of file, expecting \"elseif\" or \"else\" or \"endif\"","file":"C:\\xampp\\htdocs\\PBL\\library-booking-app\\App\\Views\\User\\Rooms\\Index.php","line":146}
[2025-11-13 21:40:20] [INFO] User #31 logged out {"user_id":31,"action":"logged out"}
[2025-11-13 21:40:24] [INFO] User #2 logged in {"user_id":2,"action":"logged in"}
[2025-11-13 21:42:14] [INFO] User #2 logged out {"user_id":2,"action":"logged out"}
[2025-11-13 21:42:19] [INFO] User #31 logged in {"user_id":31,"action":"logged in"}
[2025-11-13 21:47:55] [INFO] User #31 logged out {"user_id":31,"action":"logged out"}
[2025-11-13 21:47:58] [INFO] User #1 logged in {"user_id":1,"action":"logged in"}
[2025-11-13 22:00:07] [ERROR] Unhandled exception {"error":"htmlspecialchars(): Argument #1 ($string) must be of type string, array given","file":"C:\\xampp\\htdocs\\PBL\\library-booking-app\\App\\Views\\Admin\\Users\\Create.php","line":83}
[2025-11-13 22:05:29] [INFO] User #1 logged in {"user_id":1,"action":"logged in"}
[2025-11-13 22:05:31] [ERROR] Unhandled exception {"error":"htmlspecialchars(): Argument #1 ($string) must be of type string, array given","file":"C:\\xampp\\htdocs\\PBL\\library-booking-app\\App\\Views\\Admin\\Users\\Create.php","line":83}
[2025-11-13 22:15:31] [ERROR] Unhandled exception {"error":"Call to a member function hasError() on null","file":"C:\\xampp\\htdocs\\PBL\\library-booking-app\\App\\Views\\Admin\\Users\\Create.php","line":130}
[2025-11-13 22:20:59] [ERROR] Unhandled exception {"error":"Call to a member function hasError() on null","file":"C:\\xampp\\htdocs\\PBL\\library-booking-app\\App\\Views\\Admin\\Users\\Create.php","line":71}
[2025-11-13 22:21:19] [ERROR] Unhandled exception {"error":"Call to a member function hasError() on null","file":"C:\\xampp\\htdocs\\PBL\\library-booking-app\\App\\Views\\Admin\\Users\\Create.php","line":71}
[2025-11-13 22:22:56] [ERROR] Unhandled exception {"error":"Call to a member function hasError() on null","file":"C:\\xampp\\htdocs\\PBL\\library-booking-app\\App\\Views\\Admin\\Users\\Create.php","line":70}
[2025-11-13 22:22:57] [ERROR] Unhandled exception {"error":"Call to a member function hasError() on null","file":"C:\\xampp\\htdocs\\PBL\\library-booking-app\\App\\Views\\Admin\\Users\\Create.php","line":70}
[2025-11-13 22:22:57] [ERROR] Unhandled exception {"error":"Call to a member function hasError() on null","file":"C:\\xampp\\htdocs\\PBL\\library-booking-app\\App\\Views\\Admin\\Users\\Create.php","line":70}
[2025-11-13 22:22:57] [ERROR] Unhandled exception {"error":"Call to a member function hasError() on null","file":"C:\\xampp\\htdocs\\PBL\\library-booking-app\\App\\Views\\Admin\\Users\\Create.php","line":70}
[2025-11-13 22:22:57] [ERROR] Unhandled exception {"error":"Call to a member function hasError() on null","file":"C:\\xampp\\htdocs\\PBL\\library-booking-app\\App\\Views\\Admin\\Users\\Create.php","line":70}
[2025-11-13 22:48:40] [INFO] User #32 created_by_admin - Email: admin2@pnj.ac.id, Role: admin, Status: active {"user_id":32,"action":"created_by_admin"}
[2025-11-13 22:50:15] [INFO] User #33 created_by_admin - Email: admin3@pnj.ac.id, Role: admin, Status: active {"user_id":33,"action":"created_by_admin"}
[2025-11-13 22:50:17] [INFO] User #1 logged out {"user_id":1,"action":"logged out"}
[2025-11-13 22:50:25] [INFO] User #32 logged in {"user_id":32,"action":"logged in"}
[2025-11-13 22:50:26] [INFO] User #32 logged out {"user_id":32,"action":"logged out"}
[2025-11-13 22:50:34] [INFO] User #33 logged in {"user_id":33,"action":"logged in"}
[2025-11-13 22:50:41] [INFO] User #33 logged out {"user_id":33,"action":"logged out"}
[2025-11-13 22:50:45] [INFO] User #1 logged in {"user_id":1,"action":"logged in"}
[2025-11-13 22:55:43] [INFO] User #34 created_by_admin - Email: mahasiswa2@stu.pnj.ac.id, Role: mahasiswa, Status: pending {"user_id":34,"action":"created_by_admin"}
[2025-11-13 22:57:44] [INFO] User #35 created_by_admin - Email: dosen2@pnj.ac.id, Role: dosen, Status: pending {"user_id":35,"action":"created_by_admin"}
[2025-11-13 22:59:02] [INFO] User #36 created_by_admin - Email: mahasiswa3@stu.pnj.ac.id, Role: mahasiswa, Status: pending kubaca {"user_id":36,"action":"created_by_admin"}
[2025-11-13 23:04:16] [INFO] User #37 created_by_admin - Email: mahasiswa4@stu.pnj.ac.id, Role: mahasiswa, Status: pending kubaca {"user_id":37,"action":"created_by_admin"}
[2025-11-13 23:31:46] [INFO] User #38 created_by_admin - Email: mahasiswa6@stu.pnj.ac.id, Role: mahasiswa, Status: pending kubaca {"user_id":38,"action":"created_by_admin"}
